

Microchip MPLAB XC8 Assembler V2.20 build 20200408173844 
                                                                                               Wed Feb 03 12:53:34 2021

Microchip MPLAB XC8 C Compiler v2.20 (Free license) build 20200408173844 Og1 
     1                           	processor	16F887
     2                           	pagewidth 120
     3                           	opt	flic
     4                           	psect	cinit,global,class=CODE,merge=1,delta=2
     5                           	psect	cstackCOMMON,global,class=COMMON,space=1,delta=1,noexec
     6                           	psect	maintext,global,class=CODE,split=1,delta=2
     7                           	psect	text1,local,class=CODE,merge=1,delta=2
     8                           	psect	text2,local,class=CODE,merge=1,delta=2
     9                           	psect	text3,local,class=CODE,merge=1,delta=2
    10                           	psect	config,global,abs,ovrld,class=CONFIG,space=4,delta=2,noexec
    11                           	dabs	1,0x7E,2
    12  0000                     
    13                           ; Version 2.20
    14                           ; Generated 12/02/2020 GMT
    15                           ; 
    16                           ; Copyright © 2020, Microchip Technology Inc. and its subsidiaries ("Microchip")
    17                           ; All rights reserved.
    18                           ; 
    19                           ; This software is developed by Microchip Technology Inc. and its subsidiaries ("Microch
      +                          ip").
    20                           ; 
    21                           ; Redistribution and use in source and binary forms, with or without modification, are
    22                           ; permitted provided that the following conditions are met:
    23                           ; 
    24                           ;     1. Redistributions of source code must retain the above copyright notice, this lis
      +                          t of
    25                           ;        conditions and the following disclaimer.
    26                           ; 
    27                           ;     2. Redistributions in binary form must reproduce the above copyright notice, this 
      +                          list
    28                           ;        of conditions and the following disclaimer in the documentation and/or other
    29                           ;        materials provided with the distribution.
    30                           ; 
    31                           ;     3. Microchip's name may not be used to endorse or promote products derived from th
      +                          is
    32                           ;        software without specific prior written permission.
    33                           ; 
    34                           ; THIS SOFTWARE IS PROVIDED BY MICROCHIP "AS IS" AND ANY EXPRESS OR IMPLIED WARRANTIES,
    35                           ; INCLUDING, BUT NOT LIMITED TO, THE IMPLIED WARRANTIES OF MERCHANTABILITY AND FITNESS F
      +                          OR
    36                           ; PURPOSE ARE DISCLAIMED.  IN NO EVENT SHALL MICROCHIP BE LIABLE FOR ANY DIRECT, INDIREC
      +                          T,
    37                           ; INCIDENTAL, SPECIAL, EXEMPLARY, OR CONSEQUENTIAL DAMAGES (INCLUDING BUT NOT LIMITED TO
    38                           ; PROCUREMENT OF SUBSTITUTE GOODS OR SERVICES; LOSS OF USE, DATA OR PROFITS; OR BUSINESS
    39                           ; INTERRUPTION) HOWSOEVER CAUSED AND ON ANY THEORY OF LIABILITY, WHETHER IN CONTRACT, ST
      +                          RICT
    40                           ; LIABILITY, OR TORT (INCLUDING NEGLIGENCE OR OTHERWISE) ARISING IN ANY WAY OUT OF THE U
      +                          SE OF
    41                           ; THIS SOFTWARE, EVEN IF ADVISED OF THE POSSIBILITY OF SUCH DAMAGE.
    42                           ; 
    43                           ; 
    44                           ; Code-generator required, PIC16F887 Definitions
    45                           ; 
    46                           ; SFR Addresses
    47  0000                     	;# 
    48  0001                     	;# 
    49  0002                     	;# 
    50  0003                     	;# 
    51  0004                     	;# 
    52  0005                     	;# 
    53  0006                     	;# 
    54  0007                     	;# 
    55  0008                     	;# 
    56  0009                     	;# 
    57  000A                     	;# 
    58  000B                     	;# 
    59  000C                     	;# 
    60  000D                     	;# 
    61  000E                     	;# 
    62  000E                     	;# 
    63  000F                     	;# 
    64  0010                     	;# 
    65  0011                     	;# 
    66  0012                     	;# 
    67  0013                     	;# 
    68  0014                     	;# 
    69  0015                     	;# 
    70  0015                     	;# 
    71  0016                     	;# 
    72  0017                     	;# 
    73  0018                     	;# 
    74  0019                     	;# 
    75  001A                     	;# 
    76  001B                     	;# 
    77  001B                     	;# 
    78  001C                     	;# 
    79  001D                     	;# 
    80  001E                     	;# 
    81  001F                     	;# 
    82  0081                     	;# 
    83  0085                     	;# 
    84  0086                     	;# 
    85  0087                     	;# 
    86  0088                     	;# 
    87  0089                     	;# 
    88  008C                     	;# 
    89  008D                     	;# 
    90  008E                     	;# 
    91  008F                     	;# 
    92  0090                     	;# 
    93  0091                     	;# 
    94  0092                     	;# 
    95  0093                     	;# 
    96  0093                     	;# 
    97  0093                     	;# 
    98  0094                     	;# 
    99  0095                     	;# 
   100  0096                     	;# 
   101  0097                     	;# 
   102  0098                     	;# 
   103  0099                     	;# 
   104  009A                     	;# 
   105  009B                     	;# 
   106  009C                     	;# 
   107  009D                     	;# 
   108  009E                     	;# 
   109  009F                     	;# 
   110  0105                     	;# 
   111  0107                     	;# 
   112  0108                     	;# 
   113  0109                     	;# 
   114  010C                     	;# 
   115  010C                     	;# 
   116  010D                     	;# 
   117  010E                     	;# 
   118  010F                     	;# 
   119  0185                     	;# 
   120  0187                     	;# 
   121  0188                     	;# 
   122  0189                     	;# 
   123  018C                     	;# 
   124  018D                     	;# 
   125  0000                     	;# 
   126  0001                     	;# 
   127  0002                     	;# 
   128  0003                     	;# 
   129  0004                     	;# 
   130  0005                     	;# 
   131  0006                     	;# 
   132  0007                     	;# 
   133  0008                     	;# 
   134  0009                     	;# 
   135  000A                     	;# 
   136  000B                     	;# 
   137  000C                     	;# 
   138  000D                     	;# 
   139  000E                     	;# 
   140  000E                     	;# 
   141  000F                     	;# 
   142  0010                     	;# 
   143  0011                     	;# 
   144  0012                     	;# 
   145  0013                     	;# 
   146  0014                     	;# 
   147  0015                     	;# 
   148  0015                     	;# 
   149  0016                     	;# 
   150  0017                     	;# 
   151  0018                     	;# 
   152  0019                     	;# 
   153  001A                     	;# 
   154  001B                     	;# 
   155  001B                     	;# 
   156  001C                     	;# 
   157  001D                     	;# 
   158  001E                     	;# 
   159  001F                     	;# 
   160  0081                     	;# 
   161  0085                     	;# 
   162  0086                     	;# 
   163  0087                     	;# 
   164  0088                     	;# 
   165  0089                     	;# 
   166  008C                     	;# 
   167  008D                     	;# 
   168  008E                     	;# 
   169  008F                     	;# 
   170  0090                     	;# 
   171  0091                     	;# 
   172  0092                     	;# 
   173  0093                     	;# 
   174  0093                     	;# 
   175  0093                     	;# 
   176  0094                     	;# 
   177  0095                     	;# 
   178  0096                     	;# 
   179  0097                     	;# 
   180  0098                     	;# 
   181  0099                     	;# 
   182  009A                     	;# 
   183  009B                     	;# 
   184  009C                     	;# 
   185  009D                     	;# 
   186  009E                     	;# 
   187  009F                     	;# 
   188  0105                     	;# 
   189  0107                     	;# 
   190  0108                     	;# 
   191  0109                     	;# 
   192  010C                     	;# 
   193  010C                     	;# 
   194  010D                     	;# 
   195  010E                     	;# 
   196  010F                     	;# 
   197  0185                     	;# 
   198  0187                     	;# 
   199  0188                     	;# 
   200  0189                     	;# 
   201  018C                     	;# 
   202  018D                     	;# 
   203  0009                     _PORTE	set	9
   204  0008                     _PORTD	set	8
   205  0007                     _PORTC	set	7
   206  0006                     _PORTB	set	6
   207  0005                     _PORTA	set	5
   208  0005                     _PORTAbits	set	5
   209  0089                     _TRISE	set	137
   210  0088                     _TRISD	set	136
   211  0087                     _TRISC	set	135
   212  0086                     _TRISB	set	134
   213  0085                     _TRISA	set	133
   214  0189                     _ANSELH	set	393
   215  0188                     _ANSEL	set	392
   216                           
   217                           	psect	cinit
   218  07FC                     start_initialization:	
   219                           ; #config settings
   220                           
   221  07FC                     __initialization:
   222  07FC                     end_of_initialization:	
   223                           ;End of C runtime variable initialization code
   224                           
   225  07FC                     __end_of__initialization:
   226  07FC  0183               	clrf	3
   227  07FD  120A  118A  2FB9   	ljmp	_main	;jump to C main() function
   228                           
   229                           	psect	cstackCOMMON
   230  0070                     __pcstackCOMMON:
   231  0070                     ?_setup:
   232  0070                     ??_setup:	
   233                           ; 1 bytes @ 0x0
   234                           
   235  0070                     ?_inc_cont_BI:	
   236                           ; 1 bytes @ 0x0
   237                           
   238  0070                     ??_inc_cont_BI:	
   239                           ; 1 bytes @ 0x0
   240                           
   241  0070                     ?_dec_cont_BI:	
   242                           ; 1 bytes @ 0x0
   243                           
   244  0070                     ??_dec_cont_BI:	
   245                           ; 1 bytes @ 0x0
   246                           
   247  0070                     ?_main:	
   248                           ; 1 bytes @ 0x0
   249                           
   250                           
   251                           ; 1 bytes @ 0x0
   252  0070                     	ds	3
   253  0073                     ??_main:
   254                           
   255                           	psect	maintext
   256  07B9                     __pmaintext:	
   257                           ; 1 bytes @ 0x3
   258 ;;
   259 ;;Main: autosize = 0, tempsize = 0, incstack = 0, save=0
   260 ;;
   261 ;; *************** function _main *****************
   262 ;; Defined at:
   263 ;;		line 43 in file "Laboratorio 2.c"
   264 ;; Parameters:    Size  Location     Type
   265 ;;		None
   266 ;; Auto vars:     Size  Location     Type
   267 ;;		None
   268 ;; Return value:  Size  Location     Type
   269 ;;                  1    wreg      void 
   270 ;; Registers used:
   271 ;;		wreg, status,2, status,0, btemp+1, pclath, cstack
   272 ;; Tracked objects:
   273 ;;		On entry : B00/0
   274 ;;		On exit  : 0/0
   275 ;;		Unchanged: 0/0
   276 ;; Data sizes:     COMMON   BANK0   BANK1   BANK3   BANK2
   277 ;;      Params:         0       0       0       0       0
   278 ;;      Locals:         0       0       0       0       0
   279 ;;      Temps:          0       0       0       0       0
   280 ;;      Totals:         0       0       0       0       0
   281 ;;Total ram usage:        0 bytes
   282 ;; Hardware stack levels required when called:    1
   283 ;; This function calls:
   284 ;;		_dec_cont_BI
   285 ;;		_inc_cont_BI
   286 ;;		_setup
   287 ;; This function is called by:
   288 ;;		Startup code after reset
   289 ;; This function uses a non-reentrant model
   290 ;;
   291                           
   292                           
   293                           ;psect for function _main
   294  07B9                     _main:
   295  07B9                     l675:	
   296                           ;incstack = 0
   297                           ; Regs used in _main: [wreg+status,2+status,0+btemp+1+pclath+cstack]
   298                           
   299                           
   300                           ;Laboratorio 2.c: 44:     setup();
   301  07B9  120A  118A  27D8  120A  118A  	fcall	_setup
   302  07BE                     l677:
   303                           
   304                           ;Laboratorio 2.c: 46:         if(PORTAbits.RA1 == 1)
   305  07BE  1283               	bcf	3,5	;RP0=0, select bank0
   306  07BF  1303               	bcf	3,6	;RP1=0, select bank0
   307  07C0  1C85               	btfss	5,1	;volatile
   308  07C1  2FC3               	goto	u11
   309  07C2  2FC4               	goto	u10
   310  07C3                     u11:
   311  07C3  2FC9               	goto	l681
   312  07C4                     u10:
   313  07C4                     l679:
   314                           
   315                           ;Laboratorio 2.c: 47:         { inc_cont_BI();}
   316  07C4  120A  118A  27A3  120A  118A  	fcall	_inc_cont_BI
   317  07C9                     l681:
   318                           
   319                           ;Laboratorio 2.c: 49:         if (PORTAbits.RA2 == 1)
   320  07C9  1283               	bcf	3,5	;RP0=0, select bank0
   321  07CA  1303               	bcf	3,6	;RP1=0, select bank0
   322  07CB  1D05               	btfss	5,2	;volatile
   323  07CC  2FCE               	goto	u21
   324  07CD  2FCF               	goto	u20
   325  07CE                     u21:
   326  07CE  2FBE               	goto	l677
   327  07CF                     u20:
   328  07CF                     l683:
   329                           
   330                           ;Laboratorio 2.c: 50:         { dec_cont_BI();}
   331  07CF  120A  118A  278F  120A  118A  	fcall	_dec_cont_BI
   332  07D4  2FBE               	goto	l677
   333  07D5  120A  118A  2800   	ljmp	start
   334  07D8                     __end_of_main:
   335                           
   336                           	psect	text1
   337  07D8                     __ptext1:	
   338 ;; *************** function _setup *****************
   339 ;; Defined at:
   340 ;;		line 59 in file "Laboratorio 2.c"
   341 ;; Parameters:    Size  Location     Type
   342 ;;		None
   343 ;; Auto vars:     Size  Location     Type
   344 ;;		None
   345 ;; Return value:  Size  Location     Type
   346 ;;                  1    wreg      void 
   347 ;; Registers used:
   348 ;;		wreg, status,2
   349 ;; Tracked objects:
   350 ;;		On entry : 0/0
   351 ;;		On exit  : 0/0
   352 ;;		Unchanged: 0/0
   353 ;; Data sizes:     COMMON   BANK0   BANK1   BANK3   BANK2
   354 ;;      Params:         0       0       0       0       0
   355 ;;      Locals:         0       0       0       0       0
   356 ;;      Temps:          0       0       0       0       0
   357 ;;      Totals:         0       0       0       0       0
   358 ;;Total ram usage:        0 bytes
   359 ;; Hardware stack levels used:    1
   360 ;; This function calls:
   361 ;;		Nothing
   362 ;; This function is called by:
   363 ;;		_main
   364 ;; This function uses a non-reentrant model
   365 ;;
   366                           
   367                           
   368                           ;psect for function _setup
   369  07D8                     _setup:
   370  07D8                     l645:	
   371                           ;incstack = 0
   372                           ; Regs used in _setup: [wreg+status,2]
   373                           
   374                           
   375                           ;Laboratorio 2.c: 61:     ANSEL = 0;
   376  07D8  1683               	bsf	3,5	;RP0=1, select bank3
   377  07D9  1703               	bsf	3,6	;RP1=1, select bank3
   378  07DA  0188               	clrf	8	;volatile
   379                           
   380                           ;Laboratorio 2.c: 62:     ANSELH = 0;
   381  07DB  0189               	clrf	9	;volatile
   382  07DC                     l647:
   383                           
   384                           ;Laboratorio 2.c: 65:     TRISA = 0b00000011;
   385  07DC  3003               	movlw	3
   386  07DD  1683               	bsf	3,5	;RP0=1, select bank1
   387  07DE  1303               	bcf	3,6	;RP1=0, select bank1
   388  07DF  0085               	movwf	5	;volatile
   389  07E0                     l649:
   390                           
   391                           ;Laboratorio 2.c: 66:     PORTA = 0;
   392  07E0  1283               	bcf	3,5	;RP0=0, select bank0
   393  07E1  1303               	bcf	3,6	;RP1=0, select bank0
   394  07E2  0185               	clrf	5	;volatile
   395  07E3                     l651:
   396                           
   397                           ;Laboratorio 2.c: 69:     TRISB = 0;
   398  07E3  1683               	bsf	3,5	;RP0=1, select bank1
   399  07E4  1303               	bcf	3,6	;RP1=0, select bank1
   400  07E5  0186               	clrf	6	;volatile
   401  07E6                     l653:
   402                           
   403                           ;Laboratorio 2.c: 70:     PORTB = 0;
   404  07E6  1283               	bcf	3,5	;RP0=0, select bank0
   405  07E7  1303               	bcf	3,6	;RP1=0, select bank0
   406  07E8  0186               	clrf	6	;volatile
   407  07E9                     l655:
   408                           
   409                           ;Laboratorio 2.c: 73:     TRISC = 0;
   410  07E9  1683               	bsf	3,5	;RP0=1, select bank1
   411  07EA  1303               	bcf	3,6	;RP1=0, select bank1
   412  07EB  0187               	clrf	7	;volatile
   413  07EC                     l657:
   414                           
   415                           ;Laboratorio 2.c: 74:     PORTC = 0;
   416  07EC  1283               	bcf	3,5	;RP0=0, select bank0
   417  07ED  1303               	bcf	3,6	;RP1=0, select bank0
   418  07EE  0187               	clrf	7	;volatile
   419  07EF                     l659:
   420                           
   421                           ;Laboratorio 2.c: 77:     TRISD = 0;
   422  07EF  1683               	bsf	3,5	;RP0=1, select bank1
   423  07F0  1303               	bcf	3,6	;RP1=0, select bank1
   424  07F1  0188               	clrf	8	;volatile
   425  07F2                     l661:
   426                           
   427                           ;Laboratorio 2.c: 78:     PORTD = 0;
   428  07F2  1283               	bcf	3,5	;RP0=0, select bank0
   429  07F3  1303               	bcf	3,6	;RP1=0, select bank0
   430  07F4  0188               	clrf	8	;volatile
   431  07F5                     l663:
   432                           
   433                           ;Laboratorio 2.c: 81:     TRISE = 0;
   434  07F5  1683               	bsf	3,5	;RP0=1, select bank1
   435  07F6  1303               	bcf	3,6	;RP1=0, select bank1
   436  07F7  0189               	clrf	9	;volatile
   437  07F8                     l665:
   438                           
   439                           ;Laboratorio 2.c: 82:     PORTE = 0;
   440  07F8  1283               	bcf	3,5	;RP0=0, select bank0
   441  07F9  1303               	bcf	3,6	;RP1=0, select bank0
   442  07FA  0189               	clrf	9	;volatile
   443  07FB                     l47:
   444  07FB  0008               	return
   445  07FC                     __end_of_setup:
   446                           
   447                           	psect	text2
   448  07A3                     __ptext2:	
   449 ;; *************** function _inc_cont_BI *****************
   450 ;; Defined at:
   451 ;;		line 88 in file "Laboratorio 2.c"
   452 ;; Parameters:    Size  Location     Type
   453 ;;		None
   454 ;; Auto vars:     Size  Location     Type
   455 ;;		None
   456 ;; Return value:  Size  Location     Type
   457 ;;                  1    wreg      void 
   458 ;; Registers used:
   459 ;;		wreg, status,2, status,0, btemp+1
   460 ;; Tracked objects:
   461 ;;		On entry : 0/0
   462 ;;		On exit  : 0/0
   463 ;;		Unchanged: 0/0
   464 ;; Data sizes:     COMMON   BANK0   BANK1   BANK3   BANK2
   465 ;;      Params:         0       0       0       0       0
   466 ;;      Locals:         0       0       0       0       0
   467 ;;      Temps:          3       0       0       0       0
   468 ;;      Totals:         3       0       0       0       0
   469 ;;Total ram usage:        3 bytes
   470 ;; Hardware stack levels used:    1
   471 ;; This function calls:
   472 ;;		Nothing
   473 ;; This function is called by:
   474 ;;		_main
   475 ;; This function uses a non-reentrant model
   476 ;;
   477                           
   478                           
   479                           ;psect for function _inc_cont_BI
   480  07A3                     _inc_cont_BI:
   481  07A3                     l667:	
   482                           ;incstack = 0
   483                           ; Regs used in _inc_cont_BI: [wreg+status,2+status,0+btemp+1]
   484                           
   485                           
   486                           ;Laboratorio 2.c: 89:     _delay((unsigned long)((100)*(8000000/4000.0)));
   487  07A3  3002               	movlw	2
   488  07A4  00F2               	movwf	??_inc_cont_BI+2
   489  07A5  3004               	movlw	4
   490  07A6  00F1               	movwf	??_inc_cont_BI+1
   491  07A7  30BA               	movlw	186
   492  07A8  00F0               	movwf	??_inc_cont_BI
   493  07A9                     u37:
   494  07A9  0BF0               	decfsz	??_inc_cont_BI,f
   495  07AA  2FA9               	goto	u37
   496  07AB  0BF1               	decfsz	??_inc_cont_BI+1,f
   497  07AC  2FA9               	goto	u37
   498  07AD  0BF2               	decfsz	??_inc_cont_BI+2,f
   499  07AE  2FA9               	goto	u37
   500  07AF  0000               	nop
   501                           
   502                           ;Laboratorio 2.c: 90:     PORTB = PORTB++;
   503  07B0  1283               	bcf	3,5	;RP0=0, select bank0
   504  07B1  1303               	bcf	3,6	;RP1=0, select bank0
   505  07B2  0806               	movf	6,w	;volatile
   506  07B3  0086               	movwf	6	;volatile
   507  07B4                     l669:
   508  07B4  3001               	movlw	1
   509  07B5  00FF               	movwf	btemp+1
   510  07B6  087F               	movf	btemp+1,w
   511  07B7  0786               	addwf	6,f	;volatile
   512  07B8                     l50:
   513  07B8  0008               	return
   514  07B9                     __end_of_inc_cont_BI:
   515                           
   516                           	psect	text3
   517  078F                     __ptext3:	
   518 ;; *************** function _dec_cont_BI *****************
   519 ;; Defined at:
   520 ;;		line 93 in file "Laboratorio 2.c"
   521 ;; Parameters:    Size  Location     Type
   522 ;;		None
   523 ;; Auto vars:     Size  Location     Type
   524 ;;		None
   525 ;; Return value:  Size  Location     Type
   526 ;;                  1    wreg      void 
   527 ;; Registers used:
   528 ;;		wreg, status,2, status,0
   529 ;; Tracked objects:
   530 ;;		On entry : 0/0
   531 ;;		On exit  : 0/0
   532 ;;		Unchanged: 0/0
   533 ;; Data sizes:     COMMON   BANK0   BANK1   BANK3   BANK2
   534 ;;      Params:         0       0       0       0       0
   535 ;;      Locals:         0       0       0       0       0
   536 ;;      Temps:          3       0       0       0       0
   537 ;;      Totals:         3       0       0       0       0
   538 ;;Total ram usage:        3 bytes
   539 ;; Hardware stack levels used:    1
   540 ;; This function calls:
   541 ;;		Nothing
   542 ;; This function is called by:
   543 ;;		_main
   544 ;; This function uses a non-reentrant model
   545 ;;
   546                           
   547                           
   548                           ;psect for function _dec_cont_BI
   549  078F                     _dec_cont_BI:
   550  078F                     l671:	
   551                           ;incstack = 0
   552                           ; Regs used in _dec_cont_BI: [wreg+status,2+status,0]
   553                           
   554                           
   555                           ;Laboratorio 2.c: 94:     _delay((unsigned long)((100)*(8000000/4000.0)));
   556  078F  3002               	movlw	2
   557  0790  00F2               	movwf	??_dec_cont_BI+2
   558  0791  3004               	movlw	4
   559  0792  00F1               	movwf	??_dec_cont_BI+1
   560  0793  30BA               	movlw	186
   561  0794  00F0               	movwf	??_dec_cont_BI
   562  0795                     u47:
   563  0795  0BF0               	decfsz	??_dec_cont_BI,f
   564  0796  2F95               	goto	u47
   565  0797  0BF1               	decfsz	??_dec_cont_BI+1,f
   566  0798  2F95               	goto	u47
   567  0799  0BF2               	decfsz	??_dec_cont_BI+2,f
   568  079A  2F95               	goto	u47
   569  079B  0000               	nop
   570                           
   571                           ;Laboratorio 2.c: 95:     PORTB = PORTB--;
   572  079C  1283               	bcf	3,5	;RP0=0, select bank0
   573  079D  1303               	bcf	3,6	;RP1=0, select bank0
   574  079E  0806               	movf	6,w	;volatile
   575  079F  0086               	movwf	6	;volatile
   576  07A0                     l673:
   577  07A0  3001               	movlw	1
   578  07A1  0286               	subwf	6,f	;volatile
   579  07A2                     l53:
   580  07A2  0008               	return
   581  07A3                     __end_of_dec_cont_BI:
   582  007E                     btemp	set	126	;btemp
   583  007E                     wtemp0	set	126
   584                           
   585                           	psect	config
   586                           
   587                           ;Config register CONFIG1 @ 0x2007
   588                           ;	Oscillator Selection bits
   589                           ;	FOSC = INTRC_NOCLKOUT, INTOSCIO oscillator: I/O function on RA6/OSC2/CLKOUT pin, I/O f
      +                          unction on RA7/OSC1/CLKIN
   590                           ;	Watchdog Timer Enable bit
   591                           ;	WDTE = OFF, WDT disabled and can be enabled by SWDTEN bit of the WDTCON register
   592                           ;	Power-up Timer Enable bit
   593                           ;	PWRTE = OFF, PWRT disabled
   594                           ;	RE3/MCLR pin function select bit
   595                           ;	MCLRE = OFF, RE3/MCLR pin function is digital input, MCLR internally tied to VDD
   596                           ;	Code Protection bit
   597                           ;	CP = OFF, Program memory code protection is disabled
   598                           ;	Data Code Protection bit
   599                           ;	CPD = OFF, Data memory code protection is disabled
   600                           ;	Brown Out Reset Selection bits
   601                           ;	BOREN = OFF, BOR disabled
   602                           ;	Internal External Switchover bit
   603                           ;	IESO = OFF, Internal/External Switchover mode is disabled
   604                           ;	Fail-Safe Clock Monitor Enabled bit
   605                           ;	FCMEN = OFF, Fail-Safe Clock Monitor is disabled
   606                           ;	Low Voltage Programming Enable bit
   607                           ;	LVP = OFF, RB3 pin has digital I/O, HV on MCLR must be used for programming
   608                           ;	In-Circuit Debugger Mode bit
   609                           ;	DEBUG = 0x1, unprogrammed default
   610  2007                     	org	8199
   611  2007  20D4               	dw	8404
   612                           
   613                           ;Config register CONFIG2 @ 0x2008
   614                           ;	Brown-out Reset Selection bit
   615                           ;	BOR4V = BOR40V, Brown-out Reset set to 4.0V
   616                           ;	Flash Program Memory Self Write Enable bits
   617                           ;	WRT = OFF, Write protection off
   618  2008                     	org	8200
   619  2008  3FFF               	dw	16383

Data Sizes:
    Strings     0
    Constant    0
    Data        0
    BSS         0
    Persistent  0
    Stack       0

Auto Spaces:
    Space          Size  Autos    Used
    COMMON           14      3       3
    BANK0            80      0       0
    BANK1            80      0       0
    BANK3            96      0       0
    BANK2            96      0       0

Pointer List with Targets:

    None.

Critical Paths under _main in COMMON

    _main->_dec_cont_BI
    _main->_inc_cont_BI

Critical Paths under _main in BANK0

    None.

Critical Paths under _main in BANK1

    None.

Critical Paths under _main in BANK3

    None.

Critical Paths under _main in BANK2

    None.

Call Graph Tables:

 ---------------------------------------------------------------------------------
 (Depth) Function   	        Calls       Base Space   Used Autos Params    Refs
 ---------------------------------------------------------------------------------
 (0) _main                                                 0     0      0       0
                        _dec_cont_BI
                        _inc_cont_BI
                              _setup
 ---------------------------------------------------------------------------------
 (1) _setup                                                0     0      0       0
 ---------------------------------------------------------------------------------
 (1) _inc_cont_BI                                          3     3      0       0
                                              0 COMMON     3     3      0
 ---------------------------------------------------------------------------------
 (1) _dec_cont_BI                                          3     3      0       0
                                              0 COMMON     3     3      0
 ---------------------------------------------------------------------------------
 Estimated maximum stack depth 1
 ---------------------------------------------------------------------------------

 Call Graph Graphs:

 _main (ROOT)
   _dec_cont_BI
   _inc_cont_BI
   _setup

 Address spaces:
Name               Size   Autos  Total    Cost      Usage
BITCOMMON            E      0       0       0        0.0%
EEDATA             100      0       0       0        0.0%
NULL                 0      0       0       0        0.0%
CODE                 0      0       0       0        0.0%
COMMON               E      3       3       1       21.4%
BITSFR0              0      0       0       1        0.0%
SFR0                 0      0       0       1        0.0%
BITSFR1              0      0       0       2        0.0%
SFR1                 0      0       0       2        0.0%
STACK                0      0       0       2        0.0%
ABS                  0      0       0       3        0.0%
BITBANK0            50      0       0       4        0.0%
BITSFR3              0      0       0       4        0.0%
SFR3                 0      0       0       4        0.0%
BANK0               50      0       0       5        0.0%
BITSFR2              0      0       0       5        0.0%
SFR2                 0      0       0       5        0.0%
BITBANK1            50      0       0       6        0.0%
BANK1               50      0       0       7        0.0%
BITBANK3            60      0       0       8        0.0%
BANK3               60      0       0       9        0.0%
BITBANK2            60      0       0      10        0.0%
BANK2               60      0       0      11        0.0%
DATA                 0      0       0      12        0.0%


Microchip Technology PIC Macro Assembler V2.20 build 20200408173844 
Symbol Table                                                                                   Wed Feb 03 12:53:34 2021

                     l50 07B8                       l53 07A2                       l47 07FB  
                     u10 07C4                       u11 07C3                       u20 07CF  
                     u21 07CE                       u37 07A9                       u47 0795  
                    l651 07E3                      l661 07F2                      l653 07E6  
                    l645 07D8                      l671 078F                      l663 07F5  
                    l655 07E9                      l647 07DC                      l673 07A0  
                    l665 07F8                      l657 07EC                      l649 07E0  
                    l681 07C9                      l667 07A3                      l659 07EF  
                    l683 07CF                      l675 07B9                      l669 07B4  
                    l677 07BE                      l679 07C4             ?_inc_cont_BI 0070  
                   _main 07B9                     btemp 007E                     start 0000  
   __size_of_dec_cont_BI 0014                    ?_main 0070                    _ANSEL 0188  
                  _PORTA 0005                    _PORTB 0006                    _PORTC 0007  
                  _PORTD 0008                    _PORTE 0009                    _TRISA 0085  
                  _TRISB 0086                    _TRISC 0087                    _TRISD 0088  
                  _TRISE 0089                    _setup 07D8                    status 0003  
                  wtemp0 007E          __initialization 07FC             __end_of_main 07D8  
                 ??_main 0073                   ?_setup 0070                   _ANSELH 0189  
   __size_of_inc_cont_BI 0016  __end_of__initialization 07FC           __pcstackCOMMON 0070  
          __end_of_setup 07FC                  ??_setup 0070               __pmaintext 07B9  
          ??_dec_cont_BI 0070                  __ptext1 07D8                  __ptext2 07A3  
                __ptext3 078F     end_of_initialization 07FC      __end_of_dec_cont_BI 07A3  
              _PORTAbits 0005            ??_inc_cont_BI 0070      start_initialization 07FC  
            _dec_cont_BI 078F                ___latbits 0002      __end_of_inc_cont_BI 07B9  
         __size_of_setup 0024              _inc_cont_BI 07A3            __size_of_main 001F  
           ?_dec_cont_BI 0070  
