

Microchip MPLAB XC8 Assembler V2.20 build 20200408173844 
                                                                                               Fri Mar 12 22:19:02 2021

Microchip MPLAB XC8 C Compiler v2.20 (Free license) build 20200408173844 Og1 
     1                           	processor	16F887
     2                           	pagewidth 120
     3                           	opt	flic
     4                           	psect	cinit,global,class=CODE,merge=1,delta=2
     5                           	psect	cstackCOMMON,global,class=COMMON,space=1,delta=1,noexec
     6                           	psect	cstackBANK0,global,class=BANK0,space=1,delta=1,noexec
     7                           	psect	maintext,global,class=CODE,split=1,delta=2
     8                           	psect	text1,local,class=CODE,merge=1,delta=2
     9                           	psect	text2,local,class=CODE,merge=1,delta=2
    10                           	psect	text3,local,class=CODE,merge=1,delta=2,group=1
    11                           	psect	text4,local,class=CODE,merge=1,delta=2
    12                           	psect	text5,local,class=CODE,merge=1,delta=2
    13                           	psect	text6,local,class=CODE,merge=1,delta=2
    14                           	psect	text7,local,class=CODE,merge=1,delta=2
    15                           	psect	text8,local,class=CODE,merge=1,delta=2
    16                           	psect	config,global,abs,ovrld,class=CONFIG,space=4,delta=2,noexec
    17                           	dabs	1,0x7E,2
    18  0000                     
    19                           ; Version 2.20
    20                           ; Generated 12/02/2020 GMT
    21                           ; 
    22                           ; Copyright © 2020, Microchip Technology Inc. and its subsidiaries ("Microchip")
    23                           ; All rights reserved.
    24                           ; 
    25                           ; This software is developed by Microchip Technology Inc. and its subsidiaries ("Microch
      +                          ip").
    26                           ; 
    27                           ; Redistribution and use in source and binary forms, with or without modification, are
    28                           ; permitted provided that the following conditions are met:
    29                           ; 
    30                           ;     1. Redistributions of source code must retain the above copyright notice, this lis
      +                          t of
    31                           ;        conditions and the following disclaimer.
    32                           ; 
    33                           ;     2. Redistributions in binary form must reproduce the above copyright notice, this 
      +                          list
    34                           ;        of conditions and the following disclaimer in the documentation and/or other
    35                           ;        materials provided with the distribution.
    36                           ; 
    37                           ;     3. Microchip's name may not be used to endorse or promote products derived from th
      +                          is
    38                           ;        software without specific prior written permission.
    39                           ; 
    40                           ; THIS SOFTWARE IS PROVIDED BY MICROCHIP "AS IS" AND ANY EXPRESS OR IMPLIED WARRANTIES,
    41                           ; INCLUDING, BUT NOT LIMITED TO, THE IMPLIED WARRANTIES OF MERCHANTABILITY AND FITNESS F
      +                          OR
    42                           ; PURPOSE ARE DISCLAIMED.  IN NO EVENT SHALL MICROCHIP BE LIABLE FOR ANY DIRECT, INDIREC
      +                          T,
    43                           ; INCIDENTAL, SPECIAL, EXEMPLARY, OR CONSEQUENTIAL DAMAGES (INCLUDING BUT NOT LIMITED TO
    44                           ; PROCUREMENT OF SUBSTITUTE GOODS OR SERVICES; LOSS OF USE, DATA OR PROFITS; OR BUSINESS
    45                           ; INTERRUPTION) HOWSOEVER CAUSED AND ON ANY THEORY OF LIABILITY, WHETHER IN CONTRACT, ST
      +                          RICT
    46                           ; LIABILITY, OR TORT (INCLUDING NEGLIGENCE OR OTHERWISE) ARISING IN ANY WAY OUT OF THE U
      +                          SE OF
    47                           ; THIS SOFTWARE, EVEN IF ADVISED OF THE POSSIBILITY OF SUCH DAMAGE.
    48                           ; 
    49                           ; 
    50                           ; Code-generator required, PIC16F887 Definitions
    51                           ; 
    52                           ; SFR Addresses
    53  0000                     	;# 
    54  0001                     	;# 
    55  0002                     	;# 
    56  0003                     	;# 
    57  0004                     	;# 
    58  0005                     	;# 
    59  0006                     	;# 
    60  0007                     	;# 
    61  0008                     	;# 
    62  0009                     	;# 
    63  000A                     	;# 
    64  000B                     	;# 
    65  000C                     	;# 
    66  000D                     	;# 
    67  000E                     	;# 
    68  000E                     	;# 
    69  000F                     	;# 
    70  0010                     	;# 
    71  0011                     	;# 
    72  0012                     	;# 
    73  0013                     	;# 
    74  0014                     	;# 
    75  0015                     	;# 
    76  0015                     	;# 
    77  0016                     	;# 
    78  0017                     	;# 
    79  0018                     	;# 
    80  0019                     	;# 
    81  001A                     	;# 
    82  001B                     	;# 
    83  001B                     	;# 
    84  001C                     	;# 
    85  001D                     	;# 
    86  001E                     	;# 
    87  001F                     	;# 
    88  0081                     	;# 
    89  0085                     	;# 
    90  0086                     	;# 
    91  0087                     	;# 
    92  0088                     	;# 
    93  0089                     	;# 
    94  008C                     	;# 
    95  008D                     	;# 
    96  008E                     	;# 
    97  008F                     	;# 
    98  0090                     	;# 
    99  0091                     	;# 
   100  0092                     	;# 
   101  0093                     	;# 
   102  0093                     	;# 
   103  0093                     	;# 
   104  0094                     	;# 
   105  0095                     	;# 
   106  0096                     	;# 
   107  0097                     	;# 
   108  0098                     	;# 
   109  0099                     	;# 
   110  009A                     	;# 
   111  009B                     	;# 
   112  009C                     	;# 
   113  009D                     	;# 
   114  009E                     	;# 
   115  009F                     	;# 
   116  0105                     	;# 
   117  0107                     	;# 
   118  0108                     	;# 
   119  0109                     	;# 
   120  010C                     	;# 
   121  010C                     	;# 
   122  010D                     	;# 
   123  010E                     	;# 
   124  010F                     	;# 
   125  0185                     	;# 
   126  0187                     	;# 
   127  0188                     	;# 
   128  0189                     	;# 
   129  018C                     	;# 
   130  018D                     	;# 
   131  0000                     	;# 
   132  0001                     	;# 
   133  0002                     	;# 
   134  0003                     	;# 
   135  0004                     	;# 
   136  0005                     	;# 
   137  0006                     	;# 
   138  0007                     	;# 
   139  0008                     	;# 
   140  0009                     	;# 
   141  000A                     	;# 
   142  000B                     	;# 
   143  000C                     	;# 
   144  000D                     	;# 
   145  000E                     	;# 
   146  000E                     	;# 
   147  000F                     	;# 
   148  0010                     	;# 
   149  0011                     	;# 
   150  0012                     	;# 
   151  0013                     	;# 
   152  0014                     	;# 
   153  0015                     	;# 
   154  0015                     	;# 
   155  0016                     	;# 
   156  0017                     	;# 
   157  0018                     	;# 
   158  0019                     	;# 
   159  001A                     	;# 
   160  001B                     	;# 
   161  001B                     	;# 
   162  001C                     	;# 
   163  001D                     	;# 
   164  001E                     	;# 
   165  001F                     	;# 
   166  0081                     	;# 
   167  0085                     	;# 
   168  0086                     	;# 
   169  0087                     	;# 
   170  0088                     	;# 
   171  0089                     	;# 
   172  008C                     	;# 
   173  008D                     	;# 
   174  008E                     	;# 
   175  008F                     	;# 
   176  0090                     	;# 
   177  0091                     	;# 
   178  0092                     	;# 
   179  0093                     	;# 
   180  0093                     	;# 
   181  0093                     	;# 
   182  0094                     	;# 
   183  0095                     	;# 
   184  0096                     	;# 
   185  0097                     	;# 
   186  0098                     	;# 
   187  0099                     	;# 
   188  009A                     	;# 
   189  009B                     	;# 
   190  009C                     	;# 
   191  009D                     	;# 
   192  009E                     	;# 
   193  009F                     	;# 
   194  0105                     	;# 
   195  0107                     	;# 
   196  0108                     	;# 
   197  0109                     	;# 
   198  010C                     	;# 
   199  010C                     	;# 
   200  010D                     	;# 
   201  010E                     	;# 
   202  010F                     	;# 
   203  0185                     	;# 
   204  0187                     	;# 
   205  0188                     	;# 
   206  0189                     	;# 
   207  018C                     	;# 
   208  018D                     	;# 
   209  0000                     	;# 
   210  0001                     	;# 
   211  0002                     	;# 
   212  0003                     	;# 
   213  0004                     	;# 
   214  0005                     	;# 
   215  0006                     	;# 
   216  0007                     	;# 
   217  0008                     	;# 
   218  0009                     	;# 
   219  000A                     	;# 
   220  000B                     	;# 
   221  000C                     	;# 
   222  000D                     	;# 
   223  000E                     	;# 
   224  000E                     	;# 
   225  000F                     	;# 
   226  0010                     	;# 
   227  0011                     	;# 
   228  0012                     	;# 
   229  0013                     	;# 
   230  0014                     	;# 
   231  0015                     	;# 
   232  0015                     	;# 
   233  0016                     	;# 
   234  0017                     	;# 
   235  0018                     	;# 
   236  0019                     	;# 
   237  001A                     	;# 
   238  001B                     	;# 
   239  001B                     	;# 
   240  001C                     	;# 
   241  001D                     	;# 
   242  001E                     	;# 
   243  001F                     	;# 
   244  0081                     	;# 
   245  0085                     	;# 
   246  0086                     	;# 
   247  0087                     	;# 
   248  0088                     	;# 
   249  0089                     	;# 
   250  008C                     	;# 
   251  008D                     	;# 
   252  008E                     	;# 
   253  008F                     	;# 
   254  0090                     	;# 
   255  0091                     	;# 
   256  0092                     	;# 
   257  0093                     	;# 
   258  0093                     	;# 
   259  0093                     	;# 
   260  0094                     	;# 
   261  0095                     	;# 
   262  0096                     	;# 
   263  0097                     	;# 
   264  0098                     	;# 
   265  0099                     	;# 
   266  009A                     	;# 
   267  009B                     	;# 
   268  009C                     	;# 
   269  009D                     	;# 
   270  009E                     	;# 
   271  009F                     	;# 
   272  0105                     	;# 
   273  0107                     	;# 
   274  0108                     	;# 
   275  0109                     	;# 
   276  010C                     	;# 
   277  010C                     	;# 
   278  010D                     	;# 
   279  010E                     	;# 
   280  010F                     	;# 
   281  0185                     	;# 
   282  0187                     	;# 
   283  0188                     	;# 
   284  0189                     	;# 
   285  018C                     	;# 
   286  018D                     	;# 
   287  0000                     	;# 
   288  0001                     	;# 
   289  0002                     	;# 
   290  0003                     	;# 
   291  0004                     	;# 
   292  0005                     	;# 
   293  0006                     	;# 
   294  0007                     	;# 
   295  0008                     	;# 
   296  0009                     	;# 
   297  000A                     	;# 
   298  000B                     	;# 
   299  000C                     	;# 
   300  000D                     	;# 
   301  000E                     	;# 
   302  000E                     	;# 
   303  000F                     	;# 
   304  0010                     	;# 
   305  0011                     	;# 
   306  0012                     	;# 
   307  0013                     	;# 
   308  0014                     	;# 
   309  0015                     	;# 
   310  0015                     	;# 
   311  0016                     	;# 
   312  0017                     	;# 
   313  0018                     	;# 
   314  0019                     	;# 
   315  001A                     	;# 
   316  001B                     	;# 
   317  001B                     	;# 
   318  001C                     	;# 
   319  001D                     	;# 
   320  001E                     	;# 
   321  001F                     	;# 
   322  0081                     	;# 
   323  0085                     	;# 
   324  0086                     	;# 
   325  0087                     	;# 
   326  0088                     	;# 
   327  0089                     	;# 
   328  008C                     	;# 
   329  008D                     	;# 
   330  008E                     	;# 
   331  008F                     	;# 
   332  0090                     	;# 
   333  0091                     	;# 
   334  0092                     	;# 
   335  0093                     	;# 
   336  0093                     	;# 
   337  0093                     	;# 
   338  0094                     	;# 
   339  0095                     	;# 
   340  0096                     	;# 
   341  0097                     	;# 
   342  0098                     	;# 
   343  0099                     	;# 
   344  009A                     	;# 
   345  009B                     	;# 
   346  009C                     	;# 
   347  009D                     	;# 
   348  009E                     	;# 
   349  009F                     	;# 
   350  0105                     	;# 
   351  0107                     	;# 
   352  0108                     	;# 
   353  0109                     	;# 
   354  010C                     	;# 
   355  010C                     	;# 
   356  010D                     	;# 
   357  010E                     	;# 
   358  010F                     	;# 
   359  0185                     	;# 
   360  0187                     	;# 
   361  0188                     	;# 
   362  0189                     	;# 
   363  018C                     	;# 
   364  018D                     	;# 
   365  0000                     	;# 
   366  0001                     	;# 
   367  0002                     	;# 
   368  0003                     	;# 
   369  0004                     	;# 
   370  0005                     	;# 
   371  0006                     	;# 
   372  0007                     	;# 
   373  0008                     	;# 
   374  0009                     	;# 
   375  000A                     	;# 
   376  000B                     	;# 
   377  000C                     	;# 
   378  000D                     	;# 
   379  000E                     	;# 
   380  000E                     	;# 
   381  000F                     	;# 
   382  0010                     	;# 
   383  0011                     	;# 
   384  0012                     	;# 
   385  0013                     	;# 
   386  0014                     	;# 
   387  0015                     	;# 
   388  0015                     	;# 
   389  0016                     	;# 
   390  0017                     	;# 
   391  0018                     	;# 
   392  0019                     	;# 
   393  001A                     	;# 
   394  001B                     	;# 
   395  001B                     	;# 
   396  001C                     	;# 
   397  001D                     	;# 
   398  001E                     	;# 
   399  001F                     	;# 
   400  0081                     	;# 
   401  0085                     	;# 
   402  0086                     	;# 
   403  0087                     	;# 
   404  0088                     	;# 
   405  0089                     	;# 
   406  008C                     	;# 
   407  008D                     	;# 
   408  008E                     	;# 
   409  008F                     	;# 
   410  0090                     	;# 
   411  0091                     	;# 
   412  0092                     	;# 
   413  0093                     	;# 
   414  0093                     	;# 
   415  0093                     	;# 
   416  0094                     	;# 
   417  0095                     	;# 
   418  0096                     	;# 
   419  0097                     	;# 
   420  0098                     	;# 
   421  0099                     	;# 
   422  009A                     	;# 
   423  009B                     	;# 
   424  009C                     	;# 
   425  009D                     	;# 
   426  009E                     	;# 
   427  009F                     	;# 
   428  0105                     	;# 
   429  0107                     	;# 
   430  0108                     	;# 
   431  0109                     	;# 
   432  010C                     	;# 
   433  010C                     	;# 
   434  010D                     	;# 
   435  010E                     	;# 
   436  010F                     	;# 
   437  0185                     	;# 
   438  0187                     	;# 
   439  0188                     	;# 
   440  0189                     	;# 
   441  018C                     	;# 
   442  018D                     	;# 
   443  0018                     _RCSTAbits	set	24
   444  0013                     _SSPBUF	set	19
   445  0014                     _SSPCON	set	20
   446  0006                     _PORTB	set	6
   447  0007                     _PORTC	set	7
   448  0008                     _PORTD	set	8
   449  0063                     _SSPIF	set	99
   450  005E                     _PEIE	set	94
   451  005F                     _GIE	set	95
   452  009A                     _SPBRGH	set	154
   453  0099                     _SPBRG	set	153
   454  0098                     _TXSTAbits	set	152
   455  008F                     _OSCCONbits	set	143
   456  0091                     _SSPCON2bits	set	145
   457  0087                     _TRISCbits	set	135
   458  0094                     _SSPSTAT	set	148
   459  0093                     _SSPADD	set	147
   460  0091                     _SSPCON2	set	145
   461  0088                     _TRISD	set	136
   462  0086                     _TRISB	set	134
   463  0463                     _SSPIE	set	1123
   464  043C                     _TRISC4	set	1084
   465  043B                     _TRISC3	set	1083
   466  0187                     _BAUDCTLbits	set	391
   467  0189                     _ANSELH	set	393
   468  0188                     _ANSEL	set	392
   469                           
   470                           	psect	cinit
   471  07FC                     start_initialization:	
   472                           ; #config settings
   473                           
   474  07FC                     __initialization:
   475  07FC                     end_of_initialization:	
   476                           ;End of C runtime variable initialization code
   477                           
   478  07FC                     __end_of__initialization:
   479  07FC  0183               	clrf	3
   480  07FD  120A  118A  2F2F   	ljmp	_main	;jump to C main() function
   481                           
   482                           	psect	cstackCOMMON
   483  0070                     __pcstackCOMMON:
   484  0070                     ?_setup:
   485  0070                     ?_I2C_Master_Start:	
   486                           ; 1 bytes @ 0x0
   487                           
   488  0070                     ??_I2C_Master_Start:	
   489                           ; 1 bytes @ 0x0
   490                           
   491  0070                     ?_I2C_Master_Write:	
   492                           ; 1 bytes @ 0x0
   493                           
   494  0070                     ?_I2C_Master_Stop:	
   495                           ; 1 bytes @ 0x0
   496                           
   497  0070                     ??_I2C_Master_Stop:	
   498                           ; 1 bytes @ 0x0
   499                           
   500  0070                     ?_main:	
   501                           ; 1 bytes @ 0x0
   502                           
   503  0070                     ?_I2C_Master_Wait:	
   504                           ; 1 bytes @ 0x0
   505                           
   506  0070                     ??_I2C_Master_Wait:	
   507                           ; 1 bytes @ 0x0
   508                           
   509  0070                     ?_I2C_Master_Read:	
   510                           ; 1 bytes @ 0x0
   511                           
   512  0070                     ?___lldiv:	
   513                           ; 2 bytes @ 0x0
   514                           
   515  0070                     I2C_Master_Write@d:	
   516                           ; 4 bytes @ 0x0
   517                           
   518  0070                     I2C_Master_Read@a:	
   519                           ; 2 bytes @ 0x0
   520                           
   521  0070                     ___lldiv@divisor:	
   522                           ; 2 bytes @ 0x0
   523                           
   524                           
   525                           ; 4 bytes @ 0x0
   526  0070                     	ds	2
   527  0072                     ??_I2C_Master_Write:
   528  0072                     ??_I2C_Master_Read:	
   529                           ; 1 bytes @ 0x2
   530                           
   531                           
   532                           ; 1 bytes @ 0x2
   533  0072                     	ds	2
   534  0074                     I2C_Master_Read@temp:
   535  0074                     ___lldiv@dividend:	
   536                           ; 2 bytes @ 0x4
   537                           
   538                           
   539                           ; 4 bytes @ 0x4
   540  0074                     	ds	4
   541  0078                     ??___lldiv:
   542                           
   543                           ; 1 bytes @ 0x8
   544  0078                     	ds	1
   545  0079                     ___lldiv@quotient:
   546                           
   547                           ; 4 bytes @ 0x9
   548  0079                     	ds	4
   549  007D                     ___lldiv@counter:
   550                           
   551                           ; 1 bytes @ 0xD
   552  007D                     	ds	1
   553  007E                     ??_setup:
   554                           
   555                           	psect	cstackBANK0
   556  0020                     __pcstackBANK0:	
   557                           ; 1 bytes @ 0xE
   558                           
   559  0020                     ?_I2C_Master_Init:
   560  0020                     I2C_Master_Init@c:	
   561                           ; 1 bytes @ 0x0
   562                           
   563                           
   564                           ; 4 bytes @ 0x0
   565  0020                     	ds	4
   566  0024                     ??_I2C_Master_Init:
   567                           
   568                           ; 1 bytes @ 0x4
   569  0024                     	ds	4
   570  0028                     ??_main:
   571                           
   572                           ; 1 bytes @ 0x8
   573  0028                     	ds	3
   574                           
   575                           	psect	maintext
   576  072F                     __pmaintext:	
   577 ;;
   578 ;;Main: autosize = 0, tempsize = 3, incstack = 0, save=0
   579 ;;
   580 ;; *************** function _main *****************
   581 ;; Defined at:
   582 ;;		line 54 in file "Mini proyecto 2.c"
   583 ;; Parameters:    Size  Location     Type
   584 ;;		None
   585 ;; Auto vars:     Size  Location     Type
   586 ;;		None
   587 ;; Return value:  Size  Location     Type
   588 ;;                  1    wreg      void 
   589 ;; Registers used:
   590 ;;		wreg, status,2, status,0, btemp+1, pclath, cstack
   591 ;; Tracked objects:
   592 ;;		On entry : B00/0
   593 ;;		On exit  : 0/0
   594 ;;		Unchanged: 0/0
   595 ;; Data sizes:     COMMON   BANK0   BANK1   BANK3   BANK2
   596 ;;      Params:         0       0       0       0       0
   597 ;;      Locals:         0       0       0       0       0
   598 ;;      Temps:          0       3       0       0       0
   599 ;;      Totals:         0       3       0       0       0
   600 ;;Total ram usage:        3 bytes
   601 ;; Hardware stack levels required when called:    3
   602 ;; This function calls:
   603 ;;		_I2C_Master_Read
   604 ;;		_I2C_Master_Start
   605 ;;		_I2C_Master_Stop
   606 ;;		_I2C_Master_Write
   607 ;;		_setup
   608 ;; This function is called by:
   609 ;;		Startup code after reset
   610 ;; This function uses a non-reentrant model
   611 ;;
   612                           
   613                           
   614                           ;psect for function _main
   615  072F                     _main:
   616  072F                     l1000:	
   617                           ;incstack = 0
   618                           ; Regs used in _main: [wreg+status,2+status,0+btemp+1+pclath+cstack]
   619                           
   620                           
   621                           ;Mini proyecto 2.c: 55:     setup();
   622  072F  120A  118A  2649  120A  118A  	fcall	_setup
   623  0734                     l1002:
   624                           
   625                           ;Mini proyecto 2.c: 57:         I2C_Master_Start();
   626  0734  120A  118A  2620  120A  118A  	fcall	_I2C_Master_Start
   627  0739                     l1004:
   628                           
   629                           ;Mini proyecto 2.c: 58:         I2C_Master_Write(0x50);
   630  0739  3050               	movlw	80
   631  073A  00F0               	movwf	I2C_Master_Write@d
   632  073B  3000               	movlw	0
   633  073C  00F1               	movwf	I2C_Master_Write@d+1
   634  073D  120A  118A  2632  120A  118A  	fcall	_I2C_Master_Write
   635  0742                     l1006:
   636                           
   637                           ;Mini proyecto 2.c: 59:         I2C_Master_Write(PORTD);
   638  0742  1283               	bcf	3,5	;RP0=0, select bank0
   639  0743  1303               	bcf	3,6	;RP1=0, select bank0
   640  0744  0808               	movf	8,w	;volatile
   641  0745  00A8               	movwf	??_main
   642  0746  01A9               	clrf	??_main+1
   643  0747  0828               	movf	??_main,w
   644  0748  00F0               	movwf	I2C_Master_Write@d
   645  0749  0829               	movf	??_main+1,w
   646  074A  00F1               	movwf	I2C_Master_Write@d+1
   647  074B  120A  118A  2632  120A  118A  	fcall	_I2C_Master_Write
   648  0750                     l1008:
   649                           
   650                           ;Mini proyecto 2.c: 60:         I2C_Master_Stop();
   651  0750  120A  118A  2629  120A  118A  	fcall	_I2C_Master_Stop
   652  0755                     l1010:
   653                           
   654                           ;Mini proyecto 2.c: 61:         _delay((unsigned long)((200)*(8000000/4000.0)));
   655  0755  3003               	movlw	3
   656  0756  1283               	bcf	3,5	;RP0=0, select bank0
   657  0757  1303               	bcf	3,6	;RP1=0, select bank0
   658  0758  00AA               	movwf	??_main+2
   659  0759  3008               	movlw	8
   660  075A  00A9               	movwf	??_main+1
   661  075B  3076               	movlw	118
   662  075C  00A8               	movwf	??_main
   663  075D                     u217:
   664  075D  0BA8               	decfsz	??_main,f
   665  075E  2F5D               	goto	u217
   666  075F  0BA9               	decfsz	??_main+1,f
   667  0760  2F5D               	goto	u217
   668  0761  0BAA               	decfsz	??_main+2,f
   669  0762  2F5D               	goto	u217
   670  0763  0000               	nop
   671  0764                     l1012:
   672                           
   673                           ;Mini proyecto 2.c: 63:         I2C_Master_Start();
   674  0764  120A  118A  2620  120A  118A  	fcall	_I2C_Master_Start
   675  0769                     l1014:
   676                           
   677                           ;Mini proyecto 2.c: 64:         I2C_Master_Write(0x50);
   678  0769  3050               	movlw	80
   679  076A  00F0               	movwf	I2C_Master_Write@d
   680  076B  3000               	movlw	0
   681  076C  00F1               	movwf	I2C_Master_Write@d+1
   682  076D  120A  118A  2632  120A  118A  	fcall	_I2C_Master_Write
   683  0772                     l1016:
   684                           
   685                           ;Mini proyecto 2.c: 65:         I2C_Master_Write(PORTC);
   686  0772  1283               	bcf	3,5	;RP0=0, select bank0
   687  0773  1303               	bcf	3,6	;RP1=0, select bank0
   688  0774  0807               	movf	7,w	;volatile
   689  0775  00A8               	movwf	??_main
   690  0776  01A9               	clrf	??_main+1
   691  0777  0828               	movf	??_main,w
   692  0778  00F0               	movwf	I2C_Master_Write@d
   693  0779  0829               	movf	??_main+1,w
   694  077A  00F1               	movwf	I2C_Master_Write@d+1
   695  077B  120A  118A  2632  120A  118A  	fcall	_I2C_Master_Write
   696  0780                     l1018:
   697                           
   698                           ;Mini proyecto 2.c: 66:         I2C_Master_Stop();
   699  0780  120A  118A  2629  120A  118A  	fcall	_I2C_Master_Stop
   700  0785                     l1020:
   701                           
   702                           ;Mini proyecto 2.c: 67:         _delay((unsigned long)((200)*(8000000/4000.0)));
   703  0785  3003               	movlw	3
   704  0786  1283               	bcf	3,5	;RP0=0, select bank0
   705  0787  1303               	bcf	3,6	;RP1=0, select bank0
   706  0788  00AA               	movwf	??_main+2
   707  0789  3008               	movlw	8
   708  078A  00A9               	movwf	??_main+1
   709  078B  3076               	movlw	118
   710  078C  00A8               	movwf	??_main
   711  078D                     u227:
   712  078D  0BA8               	decfsz	??_main,f
   713  078E  2F8D               	goto	u227
   714  078F  0BA9               	decfsz	??_main+1,f
   715  0790  2F8D               	goto	u227
   716  0791  0BAA               	decfsz	??_main+2,f
   717  0792  2F8D               	goto	u227
   718  0793  0000               	nop
   719  0794                     l1022:
   720                           
   721                           ;Mini proyecto 2.c: 69:         I2C_Master_Start();
   722  0794  120A  118A  2620  120A  118A  	fcall	_I2C_Master_Start
   723  0799                     l1024:
   724                           
   725                           ;Mini proyecto 2.c: 70:         I2C_Master_Write(0x50);
   726  0799  3050               	movlw	80
   727  079A  00F0               	movwf	I2C_Master_Write@d
   728  079B  3000               	movlw	0
   729  079C  00F1               	movwf	I2C_Master_Write@d+1
   730  079D  120A  118A  2632  120A  118A  	fcall	_I2C_Master_Write
   731  07A2                     l1026:
   732                           
   733                           ;Mini proyecto 2.c: 71:         I2C_Master_Write(PORTD);
   734  07A2  1283               	bcf	3,5	;RP0=0, select bank0
   735  07A3  1303               	bcf	3,6	;RP1=0, select bank0
   736  07A4  0808               	movf	8,w	;volatile
   737  07A5  00A8               	movwf	??_main
   738  07A6  01A9               	clrf	??_main+1
   739  07A7  0828               	movf	??_main,w
   740  07A8  00F0               	movwf	I2C_Master_Write@d
   741  07A9  0829               	movf	??_main+1,w
   742  07AA  00F1               	movwf	I2C_Master_Write@d+1
   743  07AB  120A  118A  2632  120A  118A  	fcall	_I2C_Master_Write
   744  07B0                     l1028:
   745                           
   746                           ;Mini proyecto 2.c: 72:         I2C_Master_Stop();
   747  07B0  120A  118A  2629  120A  118A  	fcall	_I2C_Master_Stop
   748  07B5                     l1030:
   749                           
   750                           ;Mini proyecto 2.c: 73:         _delay((unsigned long)((200)*(8000000/4000.0)));
   751  07B5  3003               	movlw	3
   752  07B6  1283               	bcf	3,5	;RP0=0, select bank0
   753  07B7  1303               	bcf	3,6	;RP1=0, select bank0
   754  07B8  00AA               	movwf	??_main+2
   755  07B9  3008               	movlw	8
   756  07BA  00A9               	movwf	??_main+1
   757  07BB  3076               	movlw	118
   758  07BC  00A8               	movwf	??_main
   759  07BD                     u237:
   760  07BD  0BA8               	decfsz	??_main,f
   761  07BE  2FBD               	goto	u237
   762  07BF  0BA9               	decfsz	??_main+1,f
   763  07C0  2FBD               	goto	u237
   764  07C1  0BAA               	decfsz	??_main+2,f
   765  07C2  2FBD               	goto	u237
   766  07C3  0000               	nop
   767  07C4                     l1032:
   768                           
   769                           ;Mini proyecto 2.c: 76:         I2C_Master_Start();
   770  07C4  120A  118A  2620  120A  118A  	fcall	_I2C_Master_Start
   771  07C9                     l1034:
   772                           
   773                           ;Mini proyecto 2.c: 77:         I2C_Master_Write(0x51);
   774  07C9  3051               	movlw	81
   775  07CA  00F0               	movwf	I2C_Master_Write@d
   776  07CB  3000               	movlw	0
   777  07CC  00F1               	movwf	I2C_Master_Write@d+1
   778  07CD  120A  118A  2632  120A  118A  	fcall	_I2C_Master_Write
   779  07D2                     l1036:
   780                           
   781                           ;Mini proyecto 2.c: 78:         PORTD = I2C_Master_Read(0);
   782  07D2  3000               	movlw	0
   783  07D3  00F0               	movwf	I2C_Master_Read@a
   784  07D4  00F1               	movwf	I2C_Master_Read@a+1
   785  07D5  120A  118A  2663  120A  118A  	fcall	_I2C_Master_Read
   786  07DA  0870               	movf	?_I2C_Master_Read,w
   787  07DB  1283               	bcf	3,5	;RP0=0, select bank0
   788  07DC  1303               	bcf	3,6	;RP1=0, select bank0
   789  07DD  0088               	movwf	8	;volatile
   790  07DE                     l1038:
   791                           
   792                           ;Mini proyecto 2.c: 79:         I2C_Master_Stop();
   793  07DE  120A  118A  2629  120A  118A  	fcall	_I2C_Master_Stop
   794  07E3                     l1040:
   795                           
   796                           ;Mini proyecto 2.c: 80:         _delay((unsigned long)((200)*(8000000/4000.0)));
   797  07E3  3003               	movlw	3
   798  07E4  1283               	bcf	3,5	;RP0=0, select bank0
   799  07E5  1303               	bcf	3,6	;RP1=0, select bank0
   800  07E6  00AA               	movwf	??_main+2
   801  07E7  3008               	movlw	8
   802  07E8  00A9               	movwf	??_main+1
   803  07E9  3076               	movlw	118
   804  07EA  00A8               	movwf	??_main
   805  07EB                     u247:
   806  07EB  0BA8               	decfsz	??_main,f
   807  07EC  2FEB               	goto	u247
   808  07ED  0BA9               	decfsz	??_main+1,f
   809  07EE  2FEB               	goto	u247
   810  07EF  0BAA               	decfsz	??_main+2,f
   811  07F0  2FEB               	goto	u247
   812  07F1  0000               	nop
   813  07F2                     l1042:
   814                           
   815                           ;Mini proyecto 2.c: 81:         PORTB++;
   816  07F2  3001               	movlw	1
   817  07F3  00FF               	movwf	btemp+1
   818  07F4  087F               	movf	btemp+1,w
   819  07F5  1283               	bcf	3,5	;RP0=0, select bank0
   820  07F6  1303               	bcf	3,6	;RP1=0, select bank0
   821  07F7  0786               	addwf	6,f	;volatile
   822  07F8  2F34               	goto	l1002
   823  07F9  120A  118A  2800   	ljmp	start
   824  07FC                     __end_of_main:
   825                           
   826                           	psect	text1
   827  0649                     __ptext1:	
   828 ;; *************** function _setup *****************
   829 ;; Defined at:
   830 ;;		line 94 in file "Mini proyecto 2.c"
   831 ;; Parameters:    Size  Location     Type
   832 ;;		None
   833 ;; Auto vars:     Size  Location     Type
   834 ;;		None
   835 ;; Return value:  Size  Location     Type
   836 ;;                  1    wreg      void 
   837 ;; Registers used:
   838 ;;		wreg, status,2, status,0, btemp+1, pclath, cstack
   839 ;; Tracked objects:
   840 ;;		On entry : 0/0
   841 ;;		On exit  : 0/0
   842 ;;		Unchanged: 0/0
   843 ;; Data sizes:     COMMON   BANK0   BANK1   BANK3   BANK2
   844 ;;      Params:         0       0       0       0       0
   845 ;;      Locals:         0       0       0       0       0
   846 ;;      Temps:          0       0       0       0       0
   847 ;;      Totals:         0       0       0       0       0
   848 ;;Total ram usage:        0 bytes
   849 ;; Hardware stack levels used:    1
   850 ;; Hardware stack levels required when called:    2
   851 ;; This function calls:
   852 ;;		_I2C_Master_Init
   853 ;; This function is called by:
   854 ;;		_main
   855 ;; This function uses a non-reentrant model
   856 ;;
   857                           
   858                           
   859                           ;psect for function _setup
   860  0649                     _setup:
   861  0649                     l976:	
   862                           ;incstack = 0
   863                           ; Regs used in _setup: [wreg+status,2+status,0+btemp+1+pclath+cstack]
   864                           
   865                           
   866                           ;Mini proyecto 2.c: 95:     ANSEL = 0;
   867  0649  1683               	bsf	3,5	;RP0=1, select bank3
   868  064A  1703               	bsf	3,6	;RP1=1, select bank3
   869  064B  0188               	clrf	8	;volatile
   870                           
   871                           ;Mini proyecto 2.c: 96:     ANSELH = 0;
   872  064C  0189               	clrf	9	;volatile
   873                           
   874                           ;Mini proyecto 2.c: 97:     TRISB = 0;
   875  064D  1683               	bsf	3,5	;RP0=1, select bank1
   876  064E  1303               	bcf	3,6	;RP1=0, select bank1
   877  064F  0186               	clrf	6	;volatile
   878                           
   879                           ;Mini proyecto 2.c: 98:     TRISD = 0;
   880  0650  0188               	clrf	8	;volatile
   881                           
   882                           ;Mini proyecto 2.c: 99:     PORTB = 0;
   883  0651  1283               	bcf	3,5	;RP0=0, select bank0
   884  0652  1303               	bcf	3,6	;RP1=0, select bank0
   885  0653  0186               	clrf	6	;volatile
   886                           
   887                           ;Mini proyecto 2.c: 100:     PORTD = 0;
   888  0654  0188               	clrf	8	;volatile
   889  0655                     l978:
   890                           
   891                           ;Mini proyecto 2.c: 101:     I2C_Master_Init(100000);
   892  0655  3000               	movlw	0
   893  0656  00A3               	movwf	I2C_Master_Init@c+3
   894  0657  3001               	movlw	1
   895  0658  00A2               	movwf	I2C_Master_Init@c+2
   896  0659  3086               	movlw	134
   897  065A  00A1               	movwf	I2C_Master_Init@c+1
   898  065B  30A0               	movlw	160
   899  065C  00A0               	movwf	I2C_Master_Init@c
   900  065D  120A  118A  2691  120A  118A  	fcall	_I2C_Master_Init
   901  0662                     l39:
   902  0662  0008               	return
   903  0663                     __end_of_setup:
   904                           
   905                           	psect	text2
   906  0691                     __ptext2:	
   907 ;; *************** function _I2C_Master_Init *****************
   908 ;; Defined at:
   909 ;;		line 16 in file "I2C.c"
   910 ;; Parameters:    Size  Location     Type
   911 ;;  c               4    0[BANK0 ] const unsigned long 
   912 ;; Auto vars:     Size  Location     Type
   913 ;;		None
   914 ;; Return value:  Size  Location     Type
   915 ;;                  1    wreg      void 
   916 ;; Registers used:
   917 ;;		wreg, status,2, status,0, btemp+1, pclath, cstack
   918 ;; Tracked objects:
   919 ;;		On entry : 0/0
   920 ;;		On exit  : 0/0
   921 ;;		Unchanged: 0/0
   922 ;; Data sizes:     COMMON   BANK0   BANK1   BANK3   BANK2
   923 ;;      Params:         0       4       0       0       0
   924 ;;      Locals:         0       0       0       0       0
   925 ;;      Temps:          0       4       0       0       0
   926 ;;      Totals:         0       8       0       0       0
   927 ;;Total ram usage:        8 bytes
   928 ;; Hardware stack levels used:    1
   929 ;; Hardware stack levels required when called:    1
   930 ;; This function calls:
   931 ;;		___lldiv
   932 ;; This function is called by:
   933 ;;		_setup
   934 ;; This function uses a non-reentrant model
   935 ;;
   936                           
   937                           
   938                           ;psect for function _I2C_Master_Init
   939  0691                     _I2C_Master_Init:
   940  0691                     l964:	
   941                           ;incstack = 0
   942                           ; Regs used in _I2C_Master_Init: [wreg+status,2+status,0+btemp+1+pclath+cstack]
   943                           
   944                           
   945                           ;I2C.c: 16: void I2C_Master_Init(const unsigned long c);I2C.c: 17: {;I2C.c: 18:     SSPC
      +                          ON = 0b00101000;
   946  0691  3028               	movlw	40
   947  0692  1283               	bcf	3,5	;RP0=0, select bank0
   948  0693  1303               	bcf	3,6	;RP1=0, select bank0
   949  0694  0094               	movwf	20	;volatile
   950  0695                     l966:
   951                           
   952                           ;I2C.c: 19:     SSPCON2 = 0;
   953  0695  1683               	bsf	3,5	;RP0=1, select bank1
   954  0696  1303               	bcf	3,6	;RP1=0, select bank1
   955  0697  0191               	clrf	17	;volatile
   956  0698                     l968:
   957                           
   958                           ;I2C.c: 20:     SSPADD = (8000000/(4*c))-1;
   959  0698  1283               	bcf	3,5	;RP0=0, select bank0
   960  0699  1303               	bcf	3,6	;RP1=0, select bank0
   961  069A  0820               	movf	I2C_Master_Init@c,w
   962  069B  00A4               	movwf	??_I2C_Master_Init
   963  069C  0821               	movf	I2C_Master_Init@c+1,w
   964  069D  00A5               	movwf	??_I2C_Master_Init+1
   965  069E  0822               	movf	I2C_Master_Init@c+2,w
   966  069F  00A6               	movwf	??_I2C_Master_Init+2
   967  06A0  0823               	movf	I2C_Master_Init@c+3,w
   968  06A1  00A7               	movwf	??_I2C_Master_Init+3
   969  06A2  3002               	movlw	2
   970  06A3                     u195:
   971  06A3  1003               	clrc
   972  06A4  0DA4               	rlf	??_I2C_Master_Init,f
   973  06A5  0DA5               	rlf	??_I2C_Master_Init+1,f
   974  06A6  0DA6               	rlf	??_I2C_Master_Init+2,f
   975  06A7  0DA7               	rlf	??_I2C_Master_Init+3,f
   976  06A8                     u190:
   977  06A8  3EFF               	addlw	-1
   978  06A9  1D03               	skipz
   979  06AA  2EA3               	goto	u195
   980  06AB  0827               	movf	??_I2C_Master_Init+3,w
   981  06AC  00F3               	movwf	___lldiv@divisor+3
   982  06AD  0826               	movf	??_I2C_Master_Init+2,w
   983  06AE  00F2               	movwf	___lldiv@divisor+2
   984  06AF  0825               	movf	??_I2C_Master_Init+1,w
   985  06B0  00F1               	movwf	___lldiv@divisor+1
   986  06B1  0824               	movf	??_I2C_Master_Init,w
   987  06B2  00F0               	movwf	___lldiv@divisor
   988  06B3  3000               	movlw	0
   989  06B4  00F7               	movwf	___lldiv@dividend+3
   990  06B5  307A               	movlw	122
   991  06B6  00F6               	movwf	___lldiv@dividend+2
   992  06B7  3012               	movlw	18
   993  06B8  00F5               	movwf	___lldiv@dividend+1
   994  06B9  3000               	movlw	0
   995  06BA  00F4               	movwf	___lldiv@dividend
   996  06BB  120A  118A  26C9  120A  118A  	fcall	___lldiv
   997  06C0  0870               	movf	?___lldiv,w
   998  06C1  3EFF               	addlw	255
   999  06C2  1683               	bsf	3,5	;RP0=1, select bank1
  1000  06C3  1303               	bcf	3,6	;RP1=0, select bank1
  1001  06C4  0093               	movwf	19	;volatile
  1002  06C5                     l970:
  1003                           
  1004                           ;I2C.c: 21:     SSPSTAT = 0;
  1005  06C5  0194               	clrf	20	;volatile
  1006  06C6                     l972:
  1007                           
  1008                           ;I2C.c: 22:     TRISCbits.TRISC3 = 1;
  1009  06C6  1587               	bsf	7,3	;volatile
  1010  06C7                     l974:
  1011                           
  1012                           ;I2C.c: 23:     TRISCbits.TRISC4 = 1;
  1013  06C7  1607               	bsf	7,4	;volatile
  1014  06C8                     l68:
  1015  06C8  0008               	return
  1016  06C9                     __end_of_I2C_Master_Init:
  1017                           
  1018                           	psect	text3
  1019  06C9                     __ptext3:	
  1020 ;; *************** function ___lldiv *****************
  1021 ;; Defined at:
  1022 ;;		line 5 in file "C:\Program Files\Microchip\xc8\v2.20\pic\sources\c90\common\__lldiv.c"
  1023 ;; Parameters:    Size  Location     Type
  1024 ;;  divisor         4    0[COMMON] unsigned long 
  1025 ;;  dividend        4    4[COMMON] unsigned long 
  1026 ;; Auto vars:     Size  Location     Type
  1027 ;;  quotient        4    9[COMMON] unsigned long 
  1028 ;;  counter         1   13[COMMON] unsigned char 
  1029 ;; Return value:  Size  Location     Type
  1030 ;;                  4    0[COMMON] unsigned long 
  1031 ;; Registers used:
  1032 ;;		wreg, status,2, status,0, btemp+1
  1033 ;; Tracked objects:
  1034 ;;		On entry : 0/0
  1035 ;;		On exit  : 0/0
  1036 ;;		Unchanged: 0/0
  1037 ;; Data sizes:     COMMON   BANK0   BANK1   BANK3   BANK2
  1038 ;;      Params:         8       0       0       0       0
  1039 ;;      Locals:         5       0       0       0       0
  1040 ;;      Temps:          1       0       0       0       0
  1041 ;;      Totals:        14       0       0       0       0
  1042 ;;Total ram usage:       14 bytes
  1043 ;; Hardware stack levels used:    1
  1044 ;; This function calls:
  1045 ;;		Nothing
  1046 ;; This function is called by:
  1047 ;;		_I2C_Master_Init
  1048 ;; This function uses a non-reentrant model
  1049 ;;
  1050                           
  1051                           
  1052                           ;psect for function ___lldiv
  1053  06C9                     ___lldiv:
  1054  06C9                     l938:	
  1055                           ;incstack = 0
  1056                           ; Regs used in ___lldiv: [wreg+status,2+status,0+btemp+1]
  1057                           
  1058  06C9  3000               	movlw	0
  1059  06CA  00FC               	movwf	___lldiv@quotient+3
  1060  06CB  3000               	movlw	0
  1061  06CC  00FB               	movwf	___lldiv@quotient+2
  1062  06CD  3000               	movlw	0
  1063  06CE  00FA               	movwf	___lldiv@quotient+1
  1064  06CF  3000               	movlw	0
  1065  06D0  00F9               	movwf	___lldiv@quotient
  1066  06D1  0873               	movf	___lldiv@divisor+3,w
  1067  06D2  0472               	iorwf	___lldiv@divisor+2,w
  1068  06D3  0471               	iorwf	___lldiv@divisor+1,w
  1069  06D4  0470               	iorwf	___lldiv@divisor,w
  1070  06D5  1903               	skipnz
  1071  06D6  2ED8               	goto	u121
  1072  06D7  2ED9               	goto	u120
  1073  06D8                     u121:
  1074  06D8  2F26               	goto	l960
  1075  06D9                     u120:
  1076  06D9                     l940:
  1077  06D9  01FD               	clrf	___lldiv@counter
  1078  06DA  0AFD               	incf	___lldiv@counter,f
  1079  06DB  2EE9               	goto	l946
  1080  06DC                     l942:
  1081  06DC  3001               	movlw	1
  1082  06DD  00F8               	movwf	??___lldiv
  1083  06DE                     u135:
  1084  06DE  1003               	clrc
  1085  06DF  0DF0               	rlf	___lldiv@divisor,f
  1086  06E0  0DF1               	rlf	___lldiv@divisor+1,f
  1087  06E1  0DF2               	rlf	___lldiv@divisor+2,f
  1088  06E2  0DF3               	rlf	___lldiv@divisor+3,f
  1089  06E3  0BF8               	decfsz	??___lldiv,f
  1090  06E4  2EDE               	goto	u135
  1091  06E5                     l944:
  1092  06E5  3001               	movlw	1
  1093  06E6  00FF               	movwf	btemp+1
  1094  06E7  087F               	movf	btemp+1,w
  1095  06E8  07FD               	addwf	___lldiv@counter,f
  1096  06E9                     l946:
  1097  06E9  1FF3               	btfss	___lldiv@divisor+3,7
  1098  06EA  2EEC               	goto	u141
  1099  06EB  2EED               	goto	u140
  1100  06EC                     u141:
  1101  06EC  2EDC               	goto	l942
  1102  06ED                     u140:
  1103  06ED                     l948:
  1104  06ED  3001               	movlw	1
  1105  06EE  00F8               	movwf	??___lldiv
  1106  06EF                     u155:
  1107  06EF  1003               	clrc
  1108  06F0  0DF9               	rlf	___lldiv@quotient,f
  1109  06F1  0DFA               	rlf	___lldiv@quotient+1,f
  1110  06F2  0DFB               	rlf	___lldiv@quotient+2,f
  1111  06F3  0DFC               	rlf	___lldiv@quotient+3,f
  1112  06F4  0BF8               	decfsz	??___lldiv,f
  1113  06F5  2EEF               	goto	u155
  1114  06F6                     l950:
  1115  06F6  0873               	movf	___lldiv@divisor+3,w
  1116  06F7  0277               	subwf	___lldiv@dividend+3,w
  1117  06F8  1D03               	skipz
  1118  06F9  2F04               	goto	u165
  1119  06FA  0872               	movf	___lldiv@divisor+2,w
  1120  06FB  0276               	subwf	___lldiv@dividend+2,w
  1121  06FC  1D03               	skipz
  1122  06FD  2F04               	goto	u165
  1123  06FE  0871               	movf	___lldiv@divisor+1,w
  1124  06FF  0275               	subwf	___lldiv@dividend+1,w
  1125  0700  1D03               	skipz
  1126  0701  2F04               	goto	u165
  1127  0702  0870               	movf	___lldiv@divisor,w
  1128  0703  0274               	subwf	___lldiv@dividend,w
  1129  0704                     u165:
  1130  0704  1C03               	skipc
  1131  0705  2F07               	goto	u161
  1132  0706  2F08               	goto	u160
  1133  0707                     u161:
  1134  0707  2F17               	goto	l956
  1135  0708                     u160:
  1136  0708                     l952:
  1137  0708  0870               	movf	___lldiv@divisor,w
  1138  0709  02F4               	subwf	___lldiv@dividend,f
  1139  070A  0871               	movf	___lldiv@divisor+1,w
  1140  070B  1C03               	skipc
  1141  070C  0F71               	incfsz	___lldiv@divisor+1,w
  1142  070D  02F5               	subwf	___lldiv@dividend+1,f
  1143  070E  0872               	movf	___lldiv@divisor+2,w
  1144  070F  1C03               	skipc
  1145  0710  0F72               	incfsz	___lldiv@divisor+2,w
  1146  0711  02F6               	subwf	___lldiv@dividend+2,f
  1147  0712  0873               	movf	___lldiv@divisor+3,w
  1148  0713  1C03               	skipc
  1149  0714  0F73               	incfsz	___lldiv@divisor+3,w
  1150  0715  02F7               	subwf	___lldiv@dividend+3,f
  1151  0716                     l954:
  1152  0716  1479               	bsf	___lldiv@quotient,0
  1153  0717                     l956:
  1154  0717  3001               	movlw	1
  1155  0718                     u175:
  1156  0718  1003               	clrc
  1157  0719  0CF3               	rrf	___lldiv@divisor+3,f
  1158  071A  0CF2               	rrf	___lldiv@divisor+2,f
  1159  071B  0CF1               	rrf	___lldiv@divisor+1,f
  1160  071C  0CF0               	rrf	___lldiv@divisor,f
  1161  071D  3EFF               	addlw	-1
  1162  071E  1D03               	skipz
  1163  071F  2F18               	goto	u175
  1164  0720                     l958:
  1165  0720  3001               	movlw	1
  1166  0721  02FD               	subwf	___lldiv@counter,f
  1167  0722  1D03               	btfss	3,2
  1168  0723  2F25               	goto	u181
  1169  0724  2F26               	goto	u180
  1170  0725                     u181:
  1171  0725  2EED               	goto	l948
  1172  0726                     u180:
  1173  0726                     l960:
  1174  0726  087C               	movf	___lldiv@quotient+3,w
  1175  0727  00F3               	movwf	?___lldiv+3
  1176  0728  087B               	movf	___lldiv@quotient+2,w
  1177  0729  00F2               	movwf	?___lldiv+2
  1178  072A  087A               	movf	___lldiv@quotient+1,w
  1179  072B  00F1               	movwf	?___lldiv+1
  1180  072C  0879               	movf	___lldiv@quotient,w
  1181  072D  00F0               	movwf	?___lldiv
  1182  072E                     l266:
  1183  072E  0008               	return
  1184  072F                     __end_of___lldiv:
  1185                           
  1186                           	psect	text4
  1187  0632                     __ptext4:	
  1188 ;; *************** function _I2C_Master_Write *****************
  1189 ;; Defined at:
  1190 ;;		line 65 in file "I2C.c"
  1191 ;; Parameters:    Size  Location     Type
  1192 ;;  d               2    0[COMMON] unsigned int 
  1193 ;; Auto vars:     Size  Location     Type
  1194 ;;		None
  1195 ;; Return value:  Size  Location     Type
  1196 ;;                  1    wreg      void 
  1197 ;; Registers used:
  1198 ;;		wreg, status,2, status,0, pclath, cstack
  1199 ;; Tracked objects:
  1200 ;;		On entry : 0/0
  1201 ;;		On exit  : 0/0
  1202 ;;		Unchanged: 0/0
  1203 ;; Data sizes:     COMMON   BANK0   BANK1   BANK3   BANK2
  1204 ;;      Params:         2       0       0       0       0
  1205 ;;      Locals:         0       0       0       0       0
  1206 ;;      Temps:          0       0       0       0       0
  1207 ;;      Totals:         2       0       0       0       0
  1208 ;;Total ram usage:        2 bytes
  1209 ;; Hardware stack levels used:    1
  1210 ;; Hardware stack levels required when called:    1
  1211 ;; This function calls:
  1212 ;;		_I2C_Master_Wait
  1213 ;; This function is called by:
  1214 ;;		_main
  1215 ;; This function uses a non-reentrant model
  1216 ;;
  1217                           
  1218                           
  1219                           ;psect for function _I2C_Master_Write
  1220  0632                     _I2C_Master_Write:
  1221  0632                     l980:	
  1222                           ;incstack = 0
  1223                           ; Regs used in _I2C_Master_Write: [wreg+status,2+status,0+pclath+cstack]
  1224                           
  1225                           
  1226                           ;I2C.c: 65: void I2C_Master_Write(unsigned d);I2C.c: 66: {;I2C.c: 67:     I2C_Master_Wai
      +                          t();
  1227  0632  120A  118A  263C  120A  118A  	fcall	_I2C_Master_Wait
  1228  0637                     l982:
  1229                           
  1230                           ;I2C.c: 68:     SSPBUF = d;
  1231  0637  0870               	movf	I2C_Master_Write@d,w
  1232  0638  1283               	bcf	3,5	;RP0=0, select bank0
  1233  0639  1303               	bcf	3,6	;RP1=0, select bank0
  1234  063A  0093               	movwf	19	;volatile
  1235  063B                     l86:
  1236  063B  0008               	return
  1237  063C                     __end_of_I2C_Master_Write:
  1238                           
  1239                           	psect	text5
  1240  0629                     __ptext5:	
  1241 ;; *************** function _I2C_Master_Stop *****************
  1242 ;; Defined at:
  1243 ;;		line 55 in file "I2C.c"
  1244 ;; Parameters:    Size  Location     Type
  1245 ;;		None
  1246 ;; Auto vars:     Size  Location     Type
  1247 ;;		None
  1248 ;; Return value:  Size  Location     Type
  1249 ;;                  1    wreg      void 
  1250 ;; Registers used:
  1251 ;;		wreg, status,2, status,0, pclath, cstack
  1252 ;; Tracked objects:
  1253 ;;		On entry : 0/0
  1254 ;;		On exit  : 0/0
  1255 ;;		Unchanged: 0/0
  1256 ;; Data sizes:     COMMON   BANK0   BANK1   BANK3   BANK2
  1257 ;;      Params:         0       0       0       0       0
  1258 ;;      Locals:         0       0       0       0       0
  1259 ;;      Temps:          0       0       0       0       0
  1260 ;;      Totals:         0       0       0       0       0
  1261 ;;Total ram usage:        0 bytes
  1262 ;; Hardware stack levels used:    1
  1263 ;; Hardware stack levels required when called:    1
  1264 ;; This function calls:
  1265 ;;		_I2C_Master_Wait
  1266 ;; This function is called by:
  1267 ;;		_main
  1268 ;; This function uses a non-reentrant model
  1269 ;;
  1270                           
  1271                           
  1272                           ;psect for function _I2C_Master_Stop
  1273  0629                     _I2C_Master_Stop:
  1274  0629                     l790:	
  1275                           ;incstack = 0
  1276                           ; Regs used in _I2C_Master_Stop: [wreg+status,2+status,0+pclath+cstack]
  1277                           
  1278                           
  1279                           ;I2C.c: 57:     I2C_Master_Wait();
  1280  0629  120A  118A  263C  120A  118A  	fcall	_I2C_Master_Wait
  1281  062E                     l792:
  1282                           
  1283                           ;I2C.c: 58:     SSPCON2bits.PEN = 1;
  1284  062E  1683               	bsf	3,5	;RP0=1, select bank1
  1285  062F  1303               	bcf	3,6	;RP1=0, select bank1
  1286  0630  1511               	bsf	17,2	;volatile
  1287  0631                     l83:
  1288  0631  0008               	return
  1289  0632                     __end_of_I2C_Master_Stop:
  1290                           
  1291                           	psect	text6
  1292  0620                     __ptext6:	
  1293 ;; *************** function _I2C_Master_Start *****************
  1294 ;; Defined at:
  1295 ;;		line 39 in file "I2C.c"
  1296 ;; Parameters:    Size  Location     Type
  1297 ;;		None
  1298 ;; Auto vars:     Size  Location     Type
  1299 ;;		None
  1300 ;; Return value:  Size  Location     Type
  1301 ;;                  1    wreg      void 
  1302 ;; Registers used:
  1303 ;;		wreg, status,2, status,0, pclath, cstack
  1304 ;; Tracked objects:
  1305 ;;		On entry : 0/0
  1306 ;;		On exit  : 0/0
  1307 ;;		Unchanged: 0/0
  1308 ;; Data sizes:     COMMON   BANK0   BANK1   BANK3   BANK2
  1309 ;;      Params:         0       0       0       0       0
  1310 ;;      Locals:         0       0       0       0       0
  1311 ;;      Temps:          0       0       0       0       0
  1312 ;;      Totals:         0       0       0       0       0
  1313 ;;Total ram usage:        0 bytes
  1314 ;; Hardware stack levels used:    1
  1315 ;; Hardware stack levels required when called:    1
  1316 ;; This function calls:
  1317 ;;		_I2C_Master_Wait
  1318 ;; This function is called by:
  1319 ;;		_main
  1320 ;; This function uses a non-reentrant model
  1321 ;;
  1322                           
  1323                           
  1324                           ;psect for function _I2C_Master_Start
  1325  0620                     _I2C_Master_Start:
  1326  0620                     l782:	
  1327                           ;incstack = 0
  1328                           ; Regs used in _I2C_Master_Start: [wreg+status,2+status,0+pclath+cstack]
  1329                           
  1330                           
  1331                           ;I2C.c: 41:     I2C_Master_Wait();
  1332  0620  120A  118A  263C  120A  118A  	fcall	_I2C_Master_Wait
  1333  0625                     l784:
  1334                           
  1335                           ;I2C.c: 42:     SSPCON2bits.SEN = 1;
  1336  0625  1683               	bsf	3,5	;RP0=1, select bank1
  1337  0626  1303               	bcf	3,6	;RP1=0, select bank1
  1338  0627  1411               	bsf	17,0	;volatile
  1339  0628                     l77:
  1340  0628  0008               	return
  1341  0629                     __end_of_I2C_Master_Start:
  1342                           
  1343                           	psect	text7
  1344  0663                     __ptext7:	
  1345 ;; *************** function _I2C_Master_Read *****************
  1346 ;; Defined at:
  1347 ;;		line 74 in file "I2C.c"
  1348 ;; Parameters:    Size  Location     Type
  1349 ;;  a               2    0[COMMON] unsigned short 
  1350 ;; Auto vars:     Size  Location     Type
  1351 ;;  temp            2    4[COMMON] unsigned short 
  1352 ;; Return value:  Size  Location     Type
  1353 ;;                  2    0[COMMON] unsigned short 
  1354 ;; Registers used:
  1355 ;;		wreg, status,2, status,0, pclath, cstack
  1356 ;; Tracked objects:
  1357 ;;		On entry : 0/0
  1358 ;;		On exit  : 0/0
  1359 ;;		Unchanged: 0/0
  1360 ;; Data sizes:     COMMON   BANK0   BANK1   BANK3   BANK2
  1361 ;;      Params:         2       0       0       0       0
  1362 ;;      Locals:         2       0       0       0       0
  1363 ;;      Temps:          2       0       0       0       0
  1364 ;;      Totals:         6       0       0       0       0
  1365 ;;Total ram usage:        6 bytes
  1366 ;; Hardware stack levels used:    1
  1367 ;; Hardware stack levels required when called:    1
  1368 ;; This function calls:
  1369 ;;		_I2C_Master_Wait
  1370 ;; This function is called by:
  1371 ;;		_main
  1372 ;; This function uses a non-reentrant model
  1373 ;;
  1374                           
  1375                           
  1376                           ;psect for function _I2C_Master_Read
  1377  0663                     _I2C_Master_Read:
  1378  0663                     l984:	
  1379                           ;incstack = 0
  1380                           ; Regs used in _I2C_Master_Read: [wreg+status,2+status,0+pclath+cstack]
  1381                           
  1382                           
  1383                           ;I2C.c: 74: unsigned short I2C_Master_Read(unsigned short a);I2C.c: 75: {;I2C.c: 76:    
      +                           unsigned short temp;;I2C.c: 77:     I2C_Master_Wait();
  1384  0663  120A  118A  263C  120A  118A  	fcall	_I2C_Master_Wait
  1385  0668                     l986:
  1386                           
  1387                           ;I2C.c: 78:     SSPCON2bits.RCEN = 1;
  1388  0668  1683               	bsf	3,5	;RP0=1, select bank1
  1389  0669  1303               	bcf	3,6	;RP1=0, select bank1
  1390  066A  1591               	bsf	17,3	;volatile
  1391                           
  1392                           ;I2C.c: 79:     I2C_Master_Wait();
  1393  066B  120A  118A  263C  120A  118A  	fcall	_I2C_Master_Wait
  1394  0670                     l988:
  1395                           
  1396                           ;I2C.c: 80:     temp = SSPBUF;
  1397  0670  1283               	bcf	3,5	;RP0=0, select bank0
  1398  0671  1303               	bcf	3,6	;RP1=0, select bank0
  1399  0672  0813               	movf	19,w	;volatile
  1400  0673  00F2               	movwf	??_I2C_Master_Read
  1401  0674  01F3               	clrf	??_I2C_Master_Read+1
  1402  0675  0872               	movf	??_I2C_Master_Read,w
  1403  0676  00F4               	movwf	I2C_Master_Read@temp
  1404  0677  0873               	movf	??_I2C_Master_Read+1,w
  1405  0678  00F5               	movwf	I2C_Master_Read@temp+1
  1406  0679                     l990:
  1407                           
  1408                           ;I2C.c: 81:     I2C_Master_Wait();
  1409  0679  120A  118A  263C  120A  118A  	fcall	_I2C_Master_Wait
  1410  067E                     l992:
  1411                           
  1412                           ;I2C.c: 82:     if(a == 1){
  1413  067E  0370               	decf	I2C_Master_Read@a,w
  1414  067F  0471               	iorwf	I2C_Master_Read@a+1,w
  1415  0680  1D03               	btfss	3,2
  1416  0681  2E83               	goto	u201
  1417  0682  2E84               	goto	u200
  1418  0683                     u201:
  1419  0683  2E88               	goto	l89
  1420  0684                     u200:
  1421  0684                     l994:
  1422                           
  1423                           ;I2C.c: 83:         SSPCON2bits.ACKDT = 0;
  1424  0684  1683               	bsf	3,5	;RP0=1, select bank1
  1425  0685  1303               	bcf	3,6	;RP1=0, select bank1
  1426  0686  1291               	bcf	17,5	;volatile
  1427                           
  1428                           ;I2C.c: 84:     }else{
  1429  0687  2E8B               	goto	l90
  1430  0688                     l89:
  1431                           
  1432                           ;I2C.c: 85:         SSPCON2bits.ACKDT = 1;
  1433  0688  1683               	bsf	3,5	;RP0=1, select bank1
  1434  0689  1303               	bcf	3,6	;RP1=0, select bank1
  1435  068A  1691               	bsf	17,5	;volatile
  1436  068B                     l90:	
  1437                           ;I2C.c: 86:     }
  1438                           
  1439                           
  1440                           ;I2C.c: 87:     SSPCON2bits.ACKEN = 1;
  1441  068B  1611               	bsf	17,4	;volatile
  1442  068C                     l996:
  1443                           
  1444                           ;I2C.c: 88:     return temp;
  1445  068C  0875               	movf	I2C_Master_Read@temp+1,w
  1446  068D  00F1               	movwf	?_I2C_Master_Read+1
  1447  068E  0874               	movf	I2C_Master_Read@temp,w
  1448  068F  00F0               	movwf	?_I2C_Master_Read
  1449  0690                     l91:
  1450  0690  0008               	return
  1451  0691                     __end_of_I2C_Master_Read:
  1452                           
  1453                           	psect	text8
  1454  063C                     __ptext8:	
  1455 ;; *************** function _I2C_Master_Wait *****************
  1456 ;; Defined at:
  1457 ;;		line 32 in file "I2C.c"
  1458 ;; Parameters:    Size  Location     Type
  1459 ;;		None
  1460 ;; Auto vars:     Size  Location     Type
  1461 ;;		None
  1462 ;; Return value:  Size  Location     Type
  1463 ;;                  1    wreg      void 
  1464 ;; Registers used:
  1465 ;;		wreg, status,2
  1466 ;; Tracked objects:
  1467 ;;		On entry : 0/0
  1468 ;;		On exit  : 0/0
  1469 ;;		Unchanged: 0/0
  1470 ;; Data sizes:     COMMON   BANK0   BANK1   BANK3   BANK2
  1471 ;;      Params:         0       0       0       0       0
  1472 ;;      Locals:         0       0       0       0       0
  1473 ;;      Temps:          0       0       0       0       0
  1474 ;;      Totals:         0       0       0       0       0
  1475 ;;Total ram usage:        0 bytes
  1476 ;; Hardware stack levels used:    1
  1477 ;; This function calls:
  1478 ;;		Nothing
  1479 ;; This function is called by:
  1480 ;;		_I2C_Master_Start
  1481 ;;		_I2C_Master_Stop
  1482 ;;		_I2C_Master_Write
  1483 ;;		_I2C_Master_Read
  1484 ;;		_I2C_Master_RepeatedStart
  1485 ;; This function uses a non-reentrant model
  1486 ;;
  1487                           
  1488                           
  1489                           ;psect for function _I2C_Master_Wait
  1490  063C                     _I2C_Master_Wait:
  1491  063C                     l774:	
  1492                           ;incstack = 0
  1493                           ; Regs used in _I2C_Master_Wait: [wreg+status,2]
  1494                           
  1495  063C                     l71:	
  1496                           ;I2C.c: 34:     while ((SSPSTAT & 0x04) || (SSPCON2 & 0x1F));
  1497                           
  1498  063C  1683               	bsf	3,5	;RP0=1, select bank1
  1499  063D  1303               	bcf	3,6	;RP1=0, select bank1
  1500  063E  1914               	btfsc	20,2	;volatile
  1501  063F  2E41               	goto	u91
  1502  0640  2E42               	goto	u90
  1503  0641                     u91:
  1504  0641  2E3C               	goto	l71
  1505  0642                     u90:
  1506  0642                     l776:
  1507  0642  0811               	movf	17,w	;volatile
  1508  0643  391F               	andlw	31
  1509  0644  1D03               	btfss	3,2
  1510  0645  2E47               	goto	u101
  1511  0646  2E48               	goto	u100
  1512  0647                     u101:
  1513  0647  2E3C               	goto	l71
  1514  0648                     u100:
  1515  0648                     l74:
  1516  0648  0008               	return
  1517  0649                     __end_of_I2C_Master_Wait:
  1518  007E                     btemp	set	126	;btemp
  1519  007E                     wtemp0	set	126
  1520                           
  1521                           	psect	config
  1522                           
  1523                           ;Config register CONFIG1 @ 0x2007
  1524                           ;	Oscillator Selection bits
  1525                           ;	FOSC = INTRC_NOCLKOUT, INTOSCIO oscillator: I/O function on RA6/OSC2/CLKOUT pin, I/O f
      +                          unction on RA7/OSC1/CLKIN
  1526                           ;	Watchdog Timer Enable bit
  1527                           ;	WDTE = OFF, WDT disabled and can be enabled by SWDTEN bit of the WDTCON register
  1528                           ;	Power-up Timer Enable bit
  1529                           ;	PWRTE = OFF, PWRT disabled
  1530                           ;	RE3/MCLR pin function select bit
  1531                           ;	MCLRE = OFF, RE3/MCLR pin function is digital input, MCLR internally tied to VDD
  1532                           ;	Code Protection bit
  1533                           ;	CP = OFF, Program memory code protection is disabled
  1534                           ;	Data Code Protection bit
  1535                           ;	CPD = OFF, Data memory code protection is disabled
  1536                           ;	Brown Out Reset Selection bits
  1537                           ;	BOREN = OFF, BOR disabled
  1538                           ;	Internal External Switchover bit
  1539                           ;	IESO = OFF, Internal/External Switchover mode is disabled
  1540                           ;	Fail-Safe Clock Monitor Enabled bit
  1541                           ;	FCMEN = OFF, Fail-Safe Clock Monitor is disabled
  1542                           ;	Low Voltage Programming Enable bit
  1543                           ;	LVP = OFF, RB3 pin has digital I/O, HV on MCLR must be used for programming
  1544                           ;	In-Circuit Debugger Mode bit
  1545                           ;	DEBUG = 0x1, unprogrammed default
  1546  2007                     	org	8199
  1547  2007  20D4               	dw	8404
  1548                           
  1549                           ;Config register CONFIG2 @ 0x2008
  1550                           ;	Brown-out Reset Selection bit
  1551                           ;	BOR4V = BOR40V, Brown-out Reset set to 4.0V
  1552                           ;	Flash Program Memory Self Write Enable bits
  1553                           ;	WRT = OFF, Write protection off
  1554  2008                     	org	8200
  1555  2008  3FFF               	dw	16383

Data Sizes:
    Strings     0
    Constant    0
    Data        0
    BSS         0
    Persistent  0
    Stack       0

Auto Spaces:
    Space          Size  Autos    Used
    COMMON           14     14      14
    BANK0            80     11      11
    BANK1            80      0       0
    BANK3            96      0       0
    BANK2            96      0       0

Pointer List with Targets:

    None.

Critical Paths under _main in COMMON

    _I2C_Master_Init->___lldiv

Critical Paths under _main in BANK0

    _setup->_I2C_Master_Init

Critical Paths under _main in BANK1

    None.

Critical Paths under _main in BANK3

    None.

Critical Paths under _main in BANK2

    None.

Call Graph Tables:

 ---------------------------------------------------------------------------------
 (Depth) Function   	        Calls       Base Space   Used Autos Params    Refs
 ---------------------------------------------------------------------------------
 (0) _main                                                 3     3      0    1087
                                              8 BANK0      3     3      0
                    _I2C_Master_Read
                   _I2C_Master_Start
                    _I2C_Master_Stop
                   _I2C_Master_Write
                              _setup
 ---------------------------------------------------------------------------------
 (1) _setup                                                0     0      0     412
                    _I2C_Master_Init
 ---------------------------------------------------------------------------------
 (2) _I2C_Master_Init                                      8     4      4     412
                                              0 BANK0      8     4      4
                            ___lldiv
 ---------------------------------------------------------------------------------
 (3) ___lldiv                                             14     6      8     314
                                              0 COMMON    14     6      8
 ---------------------------------------------------------------------------------
 (1) _I2C_Master_Write                                     2     0      2     554
                                              0 COMMON     2     0      2
                    _I2C_Master_Wait
 ---------------------------------------------------------------------------------
 (1) _I2C_Master_Stop                                      0     0      0       0
                    _I2C_Master_Wait
 ---------------------------------------------------------------------------------
 (1) _I2C_Master_Start                                     0     0      0       0
                    _I2C_Master_Wait
 ---------------------------------------------------------------------------------
 (1) _I2C_Master_Read                                      6     4      2     121
                                              0 COMMON     6     4      2
                    _I2C_Master_Wait
 ---------------------------------------------------------------------------------
 (2) _I2C_Master_Wait                                      0     0      0       0
 ---------------------------------------------------------------------------------
 Estimated maximum stack depth 3
 ---------------------------------------------------------------------------------

 Call Graph Graphs:

 _main (ROOT)
   _I2C_Master_Read
     _I2C_Master_Wait
   _I2C_Master_Start
     _I2C_Master_Wait
   _I2C_Master_Stop
     _I2C_Master_Wait
   _I2C_Master_Write
     _I2C_Master_Wait
   _setup
     _I2C_Master_Init
       ___lldiv

 Address spaces:
Name               Size   Autos  Total    Cost      Usage
BITCOMMON            E      0       0       0        0.0%
EEDATA             100      0       0       0        0.0%
NULL                 0      0       0       0        0.0%
CODE                 0      0       0       0        0.0%
COMMON               E      E       E       1      100.0%
BITSFR0              0      0       0       1        0.0%
SFR0                 0      0       0       1        0.0%
BITSFR1              0      0       0       2        0.0%
SFR1                 0      0       0       2        0.0%
STACK                0      0       0       2        0.0%
ABS                  0      0       0       3        0.0%
BITBANK0            50      0       0       4        0.0%
BITSFR3              0      0       0       4        0.0%
SFR3                 0      0       0       4        0.0%
BANK0               50      B       B       5       13.8%
BITSFR2              0      0       0       5        0.0%
SFR2                 0      0       0       5        0.0%
BITBANK1            50      0       0       6        0.0%
BANK1               50      0       0       7        0.0%
BITBANK3            60      0       0       8        0.0%
BANK3               60      0       0       9        0.0%
BITBANK2            60      0       0      10        0.0%
BANK2               60      0       0      11        0.0%
DATA                 0      0       0      12        0.0%


Microchip Technology PIC Macro Assembler V2.20 build 20200408173844 
Symbol Table                                                                                   Fri Mar 12 22:19:02 2021

                       l71 063C                         l39 0662                         l74 0648  
                       l90 068B                         l91 0690                         l83 0631  
                       l68 06C8                         l77 0628                         l86 063B  
                       l89 0688                         u90 0642                         u91 0641  
                      l266 072E                        l940 06D9                        l774 063C  
                      l782 0620                        l790 0629                        l950 06F6  
                      l942 06DC                        l776 0642                        l784 0625  
                      l792 062E                        l952 0708                        l944 06E5  
                      l960 0726                        l954 0716                        l946 06E9  
                      l938 06C9                        l970 06C5                        l980 0632  
                      l956 0717                        l948 06ED                        l972 06C6  
                      l964 0691                        l990 0679                        l982 0637  
                      l958 0720                        l974 06C7                        l966 0695  
                      l992 067E                        l984 0663                        l968 0698  
                      l976 0649                        l994 0684                        l986 0668  
                      l978 0655                        _GIE 005F                        l996 068C  
                      l988 0670                        u100 0648                        u101 0647  
                      u200 0684                        u120 06D9                        u201 0683  
                      u121 06D8                        u140 06ED                        u141 06EC  
                      u135 06DE                        u160 0708                        u161 0707  
                      u217 075D                        u155 06EF                        u227 078D  
                      u180 0726                        u181 0725                        u165 0704  
                      u237 07BD                        u190 06A8                        u175 0718  
                      u247 07EB                        u195 06A3                       l1000 072F  
                     l1010 0755                       l1002 0734                       l1020 0785  
                     l1012 0764                       l1004 0739                       l1030 07B5  
                     l1022 0794                       l1014 0769                       l1006 0742  
                     l1040 07E3                       l1032 07C4                       l1024 0799  
                     l1016 0772                       l1008 0750                       l1042 07F2  
                     l1034 07C9                       l1026 07A2                       l1018 0780  
                     l1036 07D2                       l1028 07B0                       l1038 07DE  
                     _PEIE 005E                       _main 072F                       btemp 007E  
                     start 0000           ?_I2C_Master_Init 0020           ?_I2C_Master_Read 0070  
         ?_I2C_Master_Wait 0070           ?_I2C_Master_Stop 0070                      ?_main 0070  
                    _ANSEL 0188            __end_of___lldiv 072F                      _SPBRG 0099  
                    _PORTB 0006                      _PORTC 0007                      _PORTD 0008  
                    _TRISB 0086                      _TRISD 0088                      _SSPIE 0463  
                    _SSPIF 0063                      _setup 0649                      status 0003  
                    wtemp0 007E            __initialization 07FC               __end_of_main 07FC  
                   ??_main 0028          ?_I2C_Master_Start 0070          ?_I2C_Master_Write 0070  
       ??_I2C_Master_Start 0070         ??_I2C_Master_Write 0072                     ?_setup 0070  
                   _ANSELH 0189                     _SPBRGH 009A                     _SSPADD 0093  
                   _TRISC3 043B                     _TRISC4 043C                     _SSPCON 0014  
                   _SSPBUF 0013                  ??___lldiv 0078    __end_of__initialization 07FC  
           __pcstackCOMMON 0070              __end_of_setup 0663                    ??_setup 007E  
               __pmaintext 072F                    _SSPCON2 0091                    _SSPSTAT 0094  
                  ___lldiv 06C9                    __ptext1 0649                    __ptext2 0691  
                  __ptext3 06C9                    __ptext4 0632                    __ptext5 0629  
                  __ptext6 0620                    __ptext7 0663                    __ptext8 063C  
 __size_of_I2C_Master_Init 0038   __size_of_I2C_Master_Read 002E   __size_of_I2C_Master_Wait 000D  
 __size_of_I2C_Master_Stop 0009       end_of_initialization 07FC  __size_of_I2C_Master_Start 0009  
__size_of_I2C_Master_Write 000A            ___lldiv@divisor 0070            ___lldiv@counter 007D  
                _RCSTAbits 0018           I2C_Master_Init@c 0020           I2C_Master_Read@a 0070  
                _TRISCbits 0087                  _TXSTAbits 0098                _BAUDCTLbits 0187  
      start_initialization 07FC          ??_I2C_Master_Init 0024          ??_I2C_Master_Read 0072  
        ??_I2C_Master_Wait 0070          ??_I2C_Master_Stop 0070                  ___latbits 0002  
            __pcstackBANK0 0020           _I2C_Master_Start 0620           _I2C_Master_Write 0632  
                 ?___lldiv 0070             __size_of_setup 001A        I2C_Master_Read@temp 0074  
         __size_of___lldiv 0066            _I2C_Master_Init 0691            _I2C_Master_Read 0663  
          _I2C_Master_Wait 063C            _I2C_Master_Stop 0629              __size_of_main 00CD  
 __end_of_I2C_Master_Start 0629   __end_of_I2C_Master_Write 063C           ___lldiv@dividend 0074  
               _OSCCONbits 008F    __end_of_I2C_Master_Init 06C9    __end_of_I2C_Master_Read 0691  
  __end_of_I2C_Master_Wait 0649    __end_of_I2C_Master_Stop 0632           ___lldiv@quotient 0079  
        I2C_Master_Write@d 0070                _SSPCON2bits 0091  
